{"/Users/v13478/Desktop/MediSync/frontend/src/App.tsx": {"path":"/Users/v13478/Desktop/MediSync/frontend/src/App.tsx","all":false,"statementMap":{"0":{"start":{"line":1,"column":0},"end":{"line":1,"column":65}},"1":{"start":{"line":2,"column":0},"end":{"line":2,"column":51}},"2":{"start":{"line":3,"column":0},"end":{"line":3,"column":46}},"3":{"start":{"line":4,"column":0},"end":{"line":4,"column":15}},"4":{"start":{"line":5,"column":0},"end":{"line":5,"column":29}},"15":{"start":{"line":16,"column":0},"end":{"line":16,"column":23}},"16":{"start":{"line":17,"column":0},"end":{"line":17,"column":38}},"17":{"start":{"line":18,"column":0},"end":{"line":18,"column":37}},"18":{"start":{"line":19,"column":0},"end":{"line":19,"column":38}},"21":{"start":{"line":22,"column":0},"end":{"line":22,"column":19}},"22":{"start":{"line":23,"column":0},"end":{"line":23,"column":56}},"23":{"start":{"line":24,"column":0},"end":{"line":24,"column":49}},"24":{"start":{"line":25,"column":0},"end":{"line":25,"column":28}},"27":{"start":{"line":28,"column":0},"end":{"line":28,"column":44}},"28":{"start":{"line":29,"column":0},"end":{"line":29,"column":58}},"29":{"start":{"line":30,"column":0},"end":{"line":30,"column":34}},"30":{"start":{"line":31,"column":0},"end":{"line":31,"column":27}},"33":{"start":{"line":34,"column":0},"end":{"line":34,"column":40}},"34":{"start":{"line":35,"column":0},"end":{"line":35,"column":72}},"35":{"start":{"line":36,"column":0},"end":{"line":36,"column":9}},"37":{"start":{"line":38,"column":0},"end":{"line":38,"column":10}},"38":{"start":{"line":39,"column":0},"end":{"line":39,"column":35}},"39":{"start":{"line":40,"column":0},"end":{"line":40,"column":10}},"40":{"start":{"line":41,"column":0},"end":{"line":41,"column":118}},"41":{"start":{"line":42,"column":0},"end":{"line":42,"column":31}},"42":{"start":{"line":43,"column":0},"end":{"line":43,"column":11}},"45":{"start":{"line":46,"column":0},"end":{"line":46,"column":126}},"46":{"start":{"line":47,"column":0},"end":{"line":47,"column":89}},"47":{"start":{"line":48,"column":0},"end":{"line":48,"column":53}},"48":{"start":{"line":49,"column":0},"end":{"line":49,"column":129}},"49":{"start":{"line":50,"column":0},"end":{"line":50,"column":71}},"50":{"start":{"line":51,"column":0},"end":{"line":51,"column":20}},"51":{"start":{"line":52,"column":0},"end":{"line":52,"column":19}},"52":{"start":{"line":53,"column":0},"end":{"line":53,"column":81}},"53":{"start":{"line":54,"column":0},"end":{"line":54,"column":45}},"54":{"start":{"line":55,"column":0},"end":{"line":55,"column":21}},"55":{"start":{"line":56,"column":0},"end":{"line":56,"column":74}},"56":{"start":{"line":57,"column":0},"end":{"line":57,"column":72}},"57":{"start":{"line":58,"column":0},"end":{"line":58,"column":20}},"58":{"start":{"line":59,"column":0},"end":{"line":59,"column":20}},"59":{"start":{"line":60,"column":0},"end":{"line":60,"column":18}},"61":{"start":{"line":62,"column":0},"end":{"line":62,"column":19}},"62":{"start":{"line":63,"column":0},"end":{"line":63,"column":38}},"63":{"start":{"line":64,"column":0},"end":{"line":64,"column":193}},"64":{"start":{"line":65,"column":0},"end":{"line":65,"column":69}},"66":{"start":{"line":67,"column":0},"end":{"line":67,"column":59}},"67":{"start":{"line":68,"column":0},"end":{"line":68,"column":21}},"68":{"start":{"line":69,"column":0},"end":{"line":69,"column":16}},"69":{"start":{"line":70,"column":0},"end":{"line":70,"column":17}},"72":{"start":{"line":73,"column":0},"end":{"line":73,"column":54}},"74":{"start":{"line":75,"column":0},"end":{"line":75,"column":49}},"75":{"start":{"line":76,"column":0},"end":{"line":76,"column":83}},"76":{"start":{"line":77,"column":0},"end":{"line":77,"column":57}},"77":{"start":{"line":78,"column":0},"end":{"line":78,"column":17}},"78":{"start":{"line":79,"column":0},"end":{"line":79,"column":88}},"79":{"start":{"line":80,"column":0},"end":{"line":80,"column":39}},"80":{"start":{"line":81,"column":0},"end":{"line":81,"column":136}},"81":{"start":{"line":82,"column":0},"end":{"line":82,"column":16}},"82":{"start":{"line":83,"column":0},"end":{"line":83,"column":16}},"83":{"start":{"line":84,"column":0},"end":{"line":84,"column":20}},"86":{"start":{"line":87,"column":0},"end":{"line":87,"column":63}},"87":{"start":{"line":88,"column":0},"end":{"line":88,"column":24}},"88":{"start":{"line":89,"column":0},"end":{"line":89,"column":23}},"89":{"start":{"line":90,"column":0},"end":{"line":90,"column":79}},"90":{"start":{"line":91,"column":0},"end":{"line":91,"column":69}},"91":{"start":{"line":92,"column":0},"end":{"line":92,"column":89}},"92":{"start":{"line":93,"column":0},"end":{"line":93,"column":16}},"93":{"start":{"line":94,"column":0},"end":{"line":94,"column":14}},"94":{"start":{"line":95,"column":0},"end":{"line":95,"column":24}},"95":{"start":{"line":96,"column":0},"end":{"line":96,"column":23}},"96":{"start":{"line":97,"column":0},"end":{"line":97,"column":71}},"97":{"start":{"line":98,"column":0},"end":{"line":98,"column":65}},"98":{"start":{"line":99,"column":0},"end":{"line":99,"column":95}},"99":{"start":{"line":100,"column":0},"end":{"line":100,"column":16}},"100":{"start":{"line":101,"column":0},"end":{"line":101,"column":14}},"101":{"start":{"line":102,"column":0},"end":{"line":102,"column":24}},"102":{"start":{"line":103,"column":0},"end":{"line":103,"column":23}},"103":{"start":{"line":104,"column":0},"end":{"line":104,"column":69}},"104":{"start":{"line":105,"column":0},"end":{"line":105,"column":64}},"105":{"start":{"line":106,"column":0},"end":{"line":106,"column":82}},"106":{"start":{"line":107,"column":0},"end":{"line":107,"column":16}},"107":{"start":{"line":108,"column":0},"end":{"line":108,"column":14}},"108":{"start":{"line":109,"column":0},"end":{"line":109,"column":20}},"111":{"start":{"line":112,"column":0},"end":{"line":112,"column":129}},"112":{"start":{"line":113,"column":0},"end":{"line":113,"column":86}},"113":{"start":{"line":114,"column":0},"end":{"line":114,"column":50}},"114":{"start":{"line":115,"column":0},"end":{"line":115,"column":17}},"115":{"start":{"line":116,"column":0},"end":{"line":116,"column":39}},"116":{"start":{"line":117,"column":0},"end":{"line":117,"column":25}},"117":{"start":{"line":118,"column":0},"end":{"line":118,"column":49}},"118":{"start":{"line":119,"column":0},"end":{"line":119,"column":32}},"119":{"start":{"line":120,"column":0},"end":{"line":120,"column":30}},"120":{"start":{"line":121,"column":0},"end":{"line":121,"column":16}},"121":{"start":{"line":122,"column":0},"end":{"line":122,"column":25}},"122":{"start":{"line":123,"column":0},"end":{"line":123,"column":47}},"123":{"start":{"line":124,"column":0},"end":{"line":124,"column":31}},"124":{"start":{"line":125,"column":0},"end":{"line":125,"column":30}},"125":{"start":{"line":126,"column":0},"end":{"line":126,"column":16}},"126":{"start":{"line":127,"column":0},"end":{"line":127,"column":25}},"127":{"start":{"line":128,"column":0},"end":{"line":128,"column":59}},"128":{"start":{"line":129,"column":0},"end":{"line":129,"column":31}},"129":{"start":{"line":130,"column":0},"end":{"line":130,"column":30}},"130":{"start":{"line":131,"column":0},"end":{"line":131,"column":16}},"131":{"start":{"line":132,"column":0},"end":{"line":132,"column":25}},"132":{"start":{"line":133,"column":0},"end":{"line":133,"column":47}},"133":{"start":{"line":134,"column":0},"end":{"line":134,"column":83}},"134":{"start":{"line":135,"column":0},"end":{"line":135,"column":30}},"135":{"start":{"line":136,"column":0},"end":{"line":136,"column":16}},"136":{"start":{"line":137,"column":0},"end":{"line":137,"column":18}},"137":{"start":{"line":138,"column":0},"end":{"line":138,"column":20}},"138":{"start":{"line":139,"column":0},"end":{"line":139,"column":15}},"141":{"start":{"line":142,"column":0},"end":{"line":142,"column":82}},"142":{"start":{"line":143,"column":0},"end":{"line":143,"column":110}},"143":{"start":{"line":144,"column":0},"end":{"line":144,"column":15}},"144":{"start":{"line":145,"column":0},"end":{"line":145,"column":127}},"145":{"start":{"line":146,"column":0},"end":{"line":146,"column":16}},"146":{"start":{"line":147,"column":0},"end":{"line":147,"column":16}},"147":{"start":{"line":148,"column":0},"end":{"line":148,"column":17}},"148":{"start":{"line":149,"column":0},"end":{"line":149,"column":12}},"149":{"start":{"line":150,"column":0},"end":{"line":150,"column":17}},"151":{"start":{"line":152,"column":0},"end":{"line":152,"column":1}},"156":{"start":{"line":157,"column":0},"end":{"line":157,"column":22}},"157":{"start":{"line":158,"column":0},"end":{"line":158,"column":7}},"158":{"start":{"line":159,"column":0},"end":{"line":159,"column":8}},"159":{"start":{"line":160,"column":0},"end":{"line":160,"column":14}},"160":{"start":{"line":161,"column":0},"end":{"line":161,"column":4}},"164":{"start":{"line":165,"column":0},"end":{"line":165,"column":4}},"165":{"start":{"line":166,"column":0},"end":{"line":166,"column":10}},"166":{"start":{"line":167,"column":0},"end":{"line":167,"column":153}},"167":{"start":{"line":168,"column":0},"end":{"line":168,"column":49}},"168":{"start":{"line":169,"column":0},"end":{"line":169,"column":80}},"169":{"start":{"line":170,"column":0},"end":{"line":170,"column":15}},"170":{"start":{"line":171,"column":0},"end":{"line":171,"column":11}},"171":{"start":{"line":172,"column":0},"end":{"line":172,"column":56}},"172":{"start":{"line":173,"column":0},"end":{"line":173,"column":21}},"173":{"start":{"line":174,"column":0},"end":{"line":174,"column":10}},"174":{"start":{"line":175,"column":0},"end":{"line":175,"column":10}},"176":{"start":{"line":177,"column":0},"end":{"line":177,"column":1}},"181":{"start":{"line":182,"column":0},"end":{"line":182,"column":21}},"182":{"start":{"line":183,"column":0},"end":{"line":183,"column":7}},"183":{"start":{"line":184,"column":0},"end":{"line":184,"column":10}},"184":{"start":{"line":185,"column":0},"end":{"line":185,"column":9}},"185":{"start":{"line":186,"column":0},"end":{"line":186,"column":4}},"189":{"start":{"line":190,"column":0},"end":{"line":190,"column":4}},"190":{"start":{"line":191,"column":0},"end":{"line":191,"column":24}},"191":{"start":{"line":192,"column":0},"end":{"line":192,"column":28}},"192":{"start":{"line":193,"column":0},"end":{"line":193,"column":28}},"193":{"start":{"line":194,"column":0},"end":{"line":194,"column":25}},"194":{"start":{"line":195,"column":0},"end":{"line":195,"column":3}},"196":{"start":{"line":197,"column":0},"end":{"line":197,"column":10}},"197":{"start":{"line":198,"column":0},"end":{"line":198,"column":60}},"198":{"start":{"line":199,"column":0},"end":{"line":199,"column":47}},"199":{"start":{"line":200,"column":0},"end":{"line":200,"column":74}},"200":{"start":{"line":201,"column":0},"end":{"line":201,"column":86}},"201":{"start":{"line":202,"column":0},"end":{"line":202,"column":12}},"202":{"start":{"line":203,"column":0},"end":{"line":203,"column":77}},"203":{"start":{"line":204,"column":0},"end":{"line":204,"column":17}},"204":{"start":{"line":205,"column":0},"end":{"line":205,"column":13}},"205":{"start":{"line":206,"column":0},"end":{"line":206,"column":10}},"207":{"start":{"line":208,"column":0},"end":{"line":208,"column":1}},"212":{"start":{"line":213,"column":0},"end":{"line":213,"column":31}},"213":{"start":{"line":214,"column":0},"end":{"line":214,"column":10}},"214":{"start":{"line":215,"column":0},"end":{"line":215,"column":45}},"215":{"start":{"line":216,"column":0},"end":{"line":216,"column":20}},"216":{"start":{"line":217,"column":0},"end":{"line":217,"column":15}},"218":{"start":{"line":219,"column":0},"end":{"line":219,"column":1}},"223":{"start":{"line":224,"column":0},"end":{"line":224,"column":28}},"224":{"start":{"line":225,"column":0},"end":{"line":225,"column":10}},"225":{"start":{"line":226,"column":0},"end":{"line":226,"column":150}},"226":{"start":{"line":227,"column":0},"end":{"line":227,"column":35}},"227":{"start":{"line":228,"column":0},"end":{"line":228,"column":136}},"228":{"start":{"line":229,"column":0},"end":{"line":229,"column":66}},"229":{"start":{"line":230,"column":0},"end":{"line":230,"column":14}},"230":{"start":{"line":231,"column":0},"end":{"line":231,"column":81}},"231":{"start":{"line":232,"column":0},"end":{"line":232,"column":12}},"232":{"start":{"line":233,"column":0},"end":{"line":233,"column":10}},"234":{"start":{"line":235,"column":0},"end":{"line":235,"column":1}}},"s":{"0":1,"1":1,"2":1,"3":1,"4":1,"15":10,"16":10,"17":10,"18":10,"21":10,"22":10,"23":10,"24":10,"27":10,"28":1,"29":1,"30":10,"33":10,"34":10,"35":10,"37":10,"38":10,"39":10,"40":10,"41":10,"42":10,"45":10,"46":10,"47":10,"48":10,"49":10,"50":10,"51":10,"52":10,"53":10,"54":10,"55":10,"56":10,"57":10,"58":10,"59":10,"61":10,"62":10,"63":10,"64":10,"66":10,"67":10,"68":10,"69":10,"72":10,"74":10,"75":10,"76":10,"77":10,"78":10,"79":10,"80":10,"81":10,"82":10,"83":10,"86":10,"87":10,"88":10,"89":10,"90":10,"91":10,"92":10,"93":10,"94":10,"95":10,"96":10,"97":10,"98":10,"99":10,"100":10,"101":10,"102":10,"103":10,"104":10,"105":10,"106":10,"107":10,"108":10,"111":10,"112":10,"113":10,"114":10,"115":10,"116":10,"117":10,"118":10,"119":10,"120":10,"121":10,"122":10,"123":10,"124":10,"125":10,"126":10,"127":10,"128":10,"129":10,"130":10,"131":10,"132":10,"133":10,"134":10,"135":10,"136":10,"137":10,"138":10,"141":10,"142":10,"143":10,"144":10,"145":10,"146":10,"147":10,"148":10,"149":10,"151":10,"156":30,"157":30,"158":30,"159":30,"160":30,"164":30,"165":30,"166":30,"167":30,"168":30,"169":30,"170":30,"171":30,"172":30,"173":30,"174":30,"176":30,"181":40,"182":40,"183":40,"184":40,"185":40,"189":40,"190":40,"191":40,"192":40,"193":40,"194":40,"196":40,"197":40,"198":40,"199":40,"200":40,"201":40,"202":40,"203":40,"204":40,"205":40,"207":40,"212":10,"213":10,"214":10,"215":10,"216":10,"218":10,"223":0,"224":0,"225":0,"226":0,"227":0,"228":0,"229":0,"230":0,"231":0,"232":0,"234":0},"branchMap":{"0":{"type":"branch","line":16,"loc":{"start":{"line":16,"column":0},"end":{"line":152,"column":1}},"locations":[{"start":{"line":16,"column":0},"end":{"line":152,"column":1}}]},"1":{"type":"branch","line":42,"loc":{"start":{"line":42,"column":10},"end":{"line":42,"column":26}},"locations":[{"start":{"line":42,"column":10},"end":{"line":42,"column":26}}]},"2":{"type":"branch","line":67,"loc":{"start":{"line":67,"column":40},"end":{"line":67,"column":59}},"locations":[{"start":{"line":67,"column":40},"end":{"line":67,"column":59}}]},"3":{"type":"branch","line":134,"loc":{"start":{"line":134,"column":50},"end":{"line":134,"column":83}},"locations":[{"start":{"line":134,"column":50},"end":{"line":134,"column":83}}]},"4":{"type":"branch","line":22,"loc":{"start":{"line":22,"column":12},"end":{"line":25,"column":5}},"locations":[{"start":{"line":22,"column":12},"end":{"line":25,"column":5}}]},"5":{"type":"branch","line":23,"loc":{"start":{"line":23,"column":35},"end":{"line":23,"column":51}},"locations":[{"start":{"line":23,"column":35},"end":{"line":23,"column":51}}]},"6":{"type":"branch","line":28,"loc":{"start":{"line":28,"column":37},"end":{"line":31,"column":5}},"locations":[{"start":{"line":28,"column":37},"end":{"line":31,"column":5}}]},"7":{"type":"branch","line":29,"loc":{"start":{"line":29,"column":47},"end":{"line":29,"column":58}},"locations":[{"start":{"line":29,"column":47},"end":{"line":29,"column":58}}]},"8":{"type":"branch","line":34,"loc":{"start":{"line":34,"column":32},"end":{"line":36,"column":6}},"locations":[{"start":{"line":34,"column":32},"end":{"line":36,"column":6}}]},"9":{"type":"branch","line":157,"loc":{"start":{"line":157,"column":0},"end":{"line":177,"column":1}},"locations":[{"start":{"line":157,"column":0},"end":{"line":177,"column":1}}]},"10":{"type":"branch","line":182,"loc":{"start":{"line":182,"column":0},"end":{"line":208,"column":1}},"locations":[{"start":{"line":182,"column":0},"end":{"line":208,"column":1}}]},"11":{"type":"branch","line":213,"loc":{"start":{"line":213,"column":0},"end":{"line":219,"column":1}},"locations":[{"start":{"line":213,"column":0},"end":{"line":219,"column":1}}]}},"b":{"0":[10],"1":[0],"2":[0],"3":[0],"4":[10],"5":[0],"6":[1],"7":[0],"8":[10],"9":[30],"10":[40],"11":[10]},"fnMap":{"0":{"name":"AppContent","decl":{"start":{"line":16,"column":0},"end":{"line":152,"column":1}},"loc":{"start":{"line":16,"column":0},"end":{"line":152,"column":1}},"line":16},"1":{"name":"FeatureCard","decl":{"start":{"line":157,"column":0},"end":{"line":177,"column":1}},"loc":{"start":{"line":157,"column":0},"end":{"line":177,"column":1}},"line":157},"2":{"name":"StatusItem","decl":{"start":{"line":182,"column":0},"end":{"line":208,"column":1}},"loc":{"start":{"line":182,"column":0},"end":{"line":208,"column":1}},"line":182},"3":{"name":"App","decl":{"start":{"line":213,"column":0},"end":{"line":219,"column":1}},"loc":{"start":{"line":213,"column":0},"end":{"line":219,"column":1}},"line":213},"4":{"name":"LoadingFallback","decl":{"start":{"line":224,"column":0},"end":{"line":235,"column":1}},"loc":{"start":{"line":224,"column":0},"end":{"line":235,"column":1}},"line":224}},"f":{"0":10,"1":30,"2":40,"3":10,"4":0}}
,"/Users/v13478/Desktop/MediSync/frontend/src/components/chat/ChartRenderer.tsx": {"path":"/Users/v13478/Desktop/MediSync/frontend/src/components/chat/ChartRenderer.tsx","all":false,"statementMap":{"0":{"start":{"line":1,"column":0},"end":{"line":1,"column":58}},"1":{"start":{"line":2,"column":0},"end":{"line":2,"column":35}},"2":{"start":{"line":3,"column":0},"end":{"line":3,"column":47}},"20":{"start":{"line":21,"column":0},"end":{"line":21,"column":22}},"21":{"start":{"line":22,"column":0},"end":{"line":22,"column":27}},"22":{"start":{"line":23,"column":0},"end":{"line":23,"column":25}},"23":{"start":{"line":24,"column":0},"end":{"line":24,"column":25}},"24":{"start":{"line":25,"column":0},"end":{"line":25,"column":23}},"25":{"start":{"line":26,"column":0},"end":{"line":26,"column":26}},"26":{"start":{"line":27,"column":0},"end":{"line":27,"column":24}},"27":{"start":{"line":28,"column":0},"end":{"line":28,"column":2}},"29":{"start":{"line":30,"column":0},"end":{"line":30,"column":47}},"30":{"start":{"line":31,"column":0},"end":{"line":31,"column":51}},"31":{"start":{"line":32,"column":0},"end":{"line":32,"column":1}},"33":{"start":{"line":34,"column":0},"end":{"line":34,"column":64}},"34":{"start":{"line":35,"column":0},"end":{"line":35,"column":56}},"36":{"start":{"line":37,"column":0},"end":{"line":37,"column":17}},"37":{"start":{"line":38,"column":0},"end":{"line":38,"column":18}},"38":{"start":{"line":39,"column":0},"end":{"line":39,"column":38}},"39":{"start":{"line":40,"column":0},"end":{"line":40,"column":38}},"40":{"start":{"line":41,"column":0},"end":{"line":41,"column":7}},"41":{"start":{"line":42,"column":0},"end":{"line":42,"column":27}},"42":{"start":{"line":43,"column":0},"end":{"line":43,"column":16}},"43":{"start":{"line":44,"column":0},"end":{"line":44,"column":34}},"44":{"start":{"line":45,"column":0},"end":{"line":45,"column":42}},"45":{"start":{"line":46,"column":0},"end":{"line":46,"column":7}},"46":{"start":{"line":47,"column":0},"end":{"line":47,"column":27}},"47":{"start":{"line":48,"column":0},"end":{"line":48,"column":12}},"48":{"start":{"line":49,"column":0},"end":{"line":49,"column":27}},"49":{"start":{"line":50,"column":0},"end":{"line":50,"column":3}},"50":{"start":{"line":51,"column":0},"end":{"line":51,"column":1}},"53":{"start":{"line":54,"column":0},"end":{"line":54,"column":88}},"54":{"start":{"line":55,"column":0},"end":{"line":55,"column":10}},"55":{"start":{"line":56,"column":0},"end":{"line":56,"column":14}},"56":{"start":{"line":57,"column":0},"end":{"line":57,"column":22}},"57":{"start":{"line":58,"column":0},"end":{"line":58,"column":6}},"58":{"start":{"line":59,"column":0},"end":{"line":59,"column":13}},"59":{"start":{"line":60,"column":0},"end":{"line":60,"column":50}},"60":{"start":{"line":61,"column":0},"end":{"line":61,"column":17}},"61":{"start":{"line":62,"column":0},"end":{"line":62,"column":6}},"62":{"start":{"line":63,"column":0},"end":{"line":63,"column":11}},"63":{"start":{"line":64,"column":0},"end":{"line":64,"column":17}},"64":{"start":{"line":65,"column":0},"end":{"line":65,"column":18}},"65":{"start":{"line":66,"column":0},"end":{"line":66,"column":19}},"66":{"start":{"line":67,"column":0},"end":{"line":67,"column":25}},"67":{"start":{"line":68,"column":0},"end":{"line":68,"column":6}},"68":{"start":{"line":69,"column":0},"end":{"line":69,"column":12}},"69":{"start":{"line":70,"column":0},"end":{"line":70,"column":23}},"70":{"start":{"line":71,"column":0},"end":{"line":71,"column":30}},"71":{"start":{"line":72,"column":0},"end":{"line":72,"column":21}},"72":{"start":{"line":73,"column":0},"end":{"line":73,"column":6}},"73":{"start":{"line":74,"column":0},"end":{"line":74,"column":12}},"74":{"start":{"line":75,"column":0},"end":{"line":75,"column":20}},"75":{"start":{"line":76,"column":0},"end":{"line":76,"column":21}},"76":{"start":{"line":77,"column":0},"end":{"line":77,"column":6}},"77":{"start":{"line":78,"column":0},"end":{"line":78,"column":11}},"78":{"start":{"line":79,"column":0},"end":{"line":79,"column":37}},"79":{"start":{"line":80,"column":0},"end":{"line":80,"column":21}},"80":{"start":{"line":81,"column":0},"end":{"line":81,"column":21}},"81":{"start":{"line":82,"column":0},"end":{"line":82,"column":23}},"82":{"start":{"line":83,"column":0},"end":{"line":83,"column":21}},"83":{"start":{"line":84,"column":0},"end":{"line":84,"column":20}},"84":{"start":{"line":85,"column":0},"end":{"line":85,"column":36}},"85":{"start":{"line":86,"column":0},"end":{"line":86,"column":10}},"86":{"start":{"line":87,"column":0},"end":{"line":87,"column":16}},"87":{"start":{"line":88,"column":0},"end":{"line":88,"column":4}},"88":{"start":{"line":89,"column":0},"end":{"line":89,"column":1}},"90":{"start":{"line":91,"column":0},"end":{"line":91,"column":87}},"91":{"start":{"line":92,"column":0},"end":{"line":92,"column":10}},"92":{"start":{"line":93,"column":0},"end":{"line":93,"column":14}},"93":{"start":{"line":94,"column":0},"end":{"line":94,"column":22}},"94":{"start":{"line":95,"column":0},"end":{"line":95,"column":20}},"95":{"start":{"line":96,"column":0},"end":{"line":96,"column":23}},"96":{"start":{"line":97,"column":0},"end":{"line":97,"column":8}},"97":{"start":{"line":98,"column":0},"end":{"line":98,"column":6}},"98":{"start":{"line":99,"column":0},"end":{"line":99,"column":13}},"99":{"start":{"line":100,"column":0},"end":{"line":100,"column":50}},"100":{"start":{"line":101,"column":0},"end":{"line":101,"column":17}},"101":{"start":{"line":102,"column":0},"end":{"line":102,"column":6}},"102":{"start":{"line":103,"column":0},"end":{"line":103,"column":11}},"103":{"start":{"line":104,"column":0},"end":{"line":104,"column":17}},"104":{"start":{"line":105,"column":0},"end":{"line":105,"column":18}},"105":{"start":{"line":106,"column":0},"end":{"line":106,"column":19}},"106":{"start":{"line":107,"column":0},"end":{"line":107,"column":25}},"107":{"start":{"line":108,"column":0},"end":{"line":108,"column":6}},"108":{"start":{"line":109,"column":0},"end":{"line":109,"column":12}},"109":{"start":{"line":110,"column":0},"end":{"line":110,"column":23}},"110":{"start":{"line":111,"column":0},"end":{"line":111,"column":30}},"111":{"start":{"line":112,"column":0},"end":{"line":112,"column":21}},"112":{"start":{"line":113,"column":0},"end":{"line":113,"column":6}},"113":{"start":{"line":114,"column":0},"end":{"line":114,"column":12}},"114":{"start":{"line":115,"column":0},"end":{"line":115,"column":20}},"115":{"start":{"line":116,"column":0},"end":{"line":116,"column":21}},"116":{"start":{"line":117,"column":0},"end":{"line":117,"column":6}},"117":{"start":{"line":118,"column":0},"end":{"line":118,"column":11}},"118":{"start":{"line":119,"column":0},"end":{"line":119,"column":37}},"119":{"start":{"line":120,"column":0},"end":{"line":120,"column":21}},"120":{"start":{"line":121,"column":0},"end":{"line":121,"column":20}},"121":{"start":{"line":122,"column":0},"end":{"line":122,"column":23}},"122":{"start":{"line":123,"column":0},"end":{"line":123,"column":20}},"123":{"start":{"line":124,"column":0},"end":{"line":124,"column":36}},"124":{"start":{"line":125,"column":0},"end":{"line":125,"column":10}},"125":{"start":{"line":126,"column":0},"end":{"line":126,"column":16}},"126":{"start":{"line":127,"column":0},"end":{"line":127,"column":4}},"127":{"start":{"line":128,"column":0},"end":{"line":128,"column":1}},"129":{"start":{"line":130,"column":0},"end":{"line":130,"column":87}},"130":{"start":{"line":131,"column":0},"end":{"line":131,"column":17}},"131":{"start":{"line":132,"column":0},"end":{"line":132,"column":39}},"132":{"start":{"line":133,"column":0},"end":{"line":133,"column":18}},"133":{"start":{"line":134,"column":0},"end":{"line":134,"column":62}},"134":{"start":{"line":135,"column":0},"end":{"line":135,"column":14}},"136":{"start":{"line":137,"column":0},"end":{"line":137,"column":10}},"137":{"start":{"line":138,"column":0},"end":{"line":138,"column":14}},"138":{"start":{"line":139,"column":0},"end":{"line":139,"column":22}},"139":{"start":{"line":140,"column":0},"end":{"line":140,"column":44}},"140":{"start":{"line":141,"column":0},"end":{"line":141,"column":6}},"141":{"start":{"line":142,"column":0},"end":{"line":142,"column":13}},"142":{"start":{"line":143,"column":0},"end":{"line":143,"column":25}},"143":{"start":{"line":144,"column":0},"end":{"line":144,"column":37}},"144":{"start":{"line":145,"column":0},"end":{"line":145,"column":17}},"145":{"start":{"line":146,"column":0},"end":{"line":146,"column":6}},"146":{"start":{"line":147,"column":0},"end":{"line":147,"column":13}},"147":{"start":{"line":148,"column":0},"end":{"line":148,"column":7}},"148":{"start":{"line":149,"column":0},"end":{"line":149,"column":55}},"149":{"start":{"line":150,"column":0},"end":{"line":150,"column":20}},"150":{"start":{"line":151,"column":0},"end":{"line":151,"column":31}},"151":{"start":{"line":152,"column":0},"end":{"line":152,"column":47}},"152":{"start":{"line":153,"column":0},"end":{"line":153,"column":33}},"153":{"start":{"line":154,"column":0},"end":{"line":154,"column":16}},"154":{"start":{"line":155,"column":0},"end":{"line":155,"column":22}},"155":{"start":{"line":156,"column":0},"end":{"line":156,"column":10}},"156":{"start":{"line":157,"column":0},"end":{"line":157,"column":19}},"157":{"start":{"line":158,"column":0},"end":{"line":158,"column":18}},"158":{"start":{"line":159,"column":0},"end":{"line":159,"column":23}},"159":{"start":{"line":160,"column":0},"end":{"line":160,"column":25}},"160":{"start":{"line":161,"column":0},"end":{"line":161,"column":31}},"161":{"start":{"line":162,"column":0},"end":{"line":162,"column":12}},"162":{"start":{"line":163,"column":0},"end":{"line":163,"column":10}},"163":{"start":{"line":164,"column":0},"end":{"line":164,"column":20}},"164":{"start":{"line":165,"column":0},"end":{"line":165,"column":22}},"165":{"start":{"line":166,"column":0},"end":{"line":166,"column":10}},"166":{"start":{"line":167,"column":0},"end":{"line":167,"column":22}},"167":{"start":{"line":168,"column":0},"end":{"line":168,"column":8}},"168":{"start":{"line":169,"column":0},"end":{"line":169,"column":6}},"169":{"start":{"line":170,"column":0},"end":{"line":170,"column":24}},"170":{"start":{"line":171,"column":0},"end":{"line":171,"column":4}},"171":{"start":{"line":172,"column":0},"end":{"line":172,"column":1}},"174":{"start":{"line":175,"column":0},"end":{"line":175,"column":72}},"175":{"start":{"line":176,"column":0},"end":{"line":176,"column":44}},"176":{"start":{"line":177,"column":0},"end":{"line":177,"column":10}},"177":{"start":{"line":178,"column":0},"end":{"line":178,"column":38}},"178":{"start":{"line":179,"column":0},"end":{"line":179,"column":81}},"179":{"start":{"line":180,"column":0},"end":{"line":180,"column":48}},"180":{"start":{"line":181,"column":0},"end":{"line":181,"column":12}},"181":{"start":{"line":182,"column":0},"end":{"line":182,"column":69}},"182":{"start":{"line":183,"column":0},"end":{"line":183,"column":29}},"183":{"start":{"line":184,"column":0},"end":{"line":184,"column":12}},"184":{"start":{"line":185,"column":0},"end":{"line":185,"column":10}},"186":{"start":{"line":187,"column":0},"end":{"line":187,"column":2}},"189":{"start":{"line":190,"column":0},"end":{"line":190,"column":74}},"190":{"start":{"line":191,"column":0},"end":{"line":191,"column":57}},"192":{"start":{"line":193,"column":0},"end":{"line":193,"column":10}},"193":{"start":{"line":194,"column":0},"end":{"line":194,"column":37}},"194":{"start":{"line":195,"column":0},"end":{"line":195,"column":82}},"195":{"start":{"line":196,"column":0},"end":{"line":196,"column":15}},"196":{"start":{"line":197,"column":0},"end":{"line":197,"column":14}},"197":{"start":{"line":198,"column":0},"end":{"line":198,"column":50}},"198":{"start":{"line":199,"column":0},"end":{"line":199,"column":17}},"199":{"start":{"line":200,"column":0},"end":{"line":200,"column":25}},"200":{"start":{"line":201,"column":0},"end":{"line":201,"column":125}},"202":{"start":{"line":203,"column":0},"end":{"line":203,"column":26}},"203":{"start":{"line":204,"column":0},"end":{"line":204,"column":19}},"204":{"start":{"line":205,"column":0},"end":{"line":205,"column":15}},"205":{"start":{"line":206,"column":0},"end":{"line":206,"column":15}},"206":{"start":{"line":207,"column":0},"end":{"line":207,"column":16}},"207":{"start":{"line":208,"column":0},"end":{"line":208,"column":73}},"208":{"start":{"line":209,"column":0},"end":{"line":209,"column":48}},"209":{"start":{"line":210,"column":0},"end":{"line":210,"column":29}},"210":{"start":{"line":211,"column":0},"end":{"line":211,"column":56}},"211":{"start":{"line":212,"column":0},"end":{"line":212,"column":19}},"212":{"start":{"line":213,"column":0},"end":{"line":213,"column":30}},"213":{"start":{"line":214,"column":0},"end":{"line":214,"column":98}},"215":{"start":{"line":216,"column":0},"end":{"line":216,"column":60}},"216":{"start":{"line":217,"column":0},"end":{"line":217,"column":21}},"217":{"start":{"line":218,"column":0},"end":{"line":218,"column":17}},"218":{"start":{"line":219,"column":0},"end":{"line":219,"column":17}},"219":{"start":{"line":220,"column":0},"end":{"line":220,"column":13}},"220":{"start":{"line":221,"column":0},"end":{"line":221,"column":16}},"221":{"start":{"line":222,"column":0},"end":{"line":222,"column":14}},"222":{"start":{"line":223,"column":0},"end":{"line":223,"column":10}},"224":{"start":{"line":225,"column":0},"end":{"line":225,"column":2}},"226":{"start":{"line":227,"column":0},"end":{"line":227,"column":61}},"227":{"start":{"line":228,"column":0},"end":{"line":228,"column":12}},"228":{"start":{"line":229,"column":0},"end":{"line":229,"column":7}},"229":{"start":{"line":230,"column":0},"end":{"line":230,"column":9}},"230":{"start":{"line":231,"column":0},"end":{"line":231,"column":7}},"231":{"start":{"line":232,"column":0},"end":{"line":232,"column":48}},"232":{"start":{"line":233,"column":0},"end":{"line":233,"column":61}},"234":{"start":{"line":235,"column":0},"end":{"line":235,"column":61}},"235":{"start":{"line":236,"column":0},"end":{"line":236,"column":32}},"238":{"start":{"line":239,"column":0},"end":{"line":239,"column":19}},"240":{"start":{"line":241,"column":0},"end":{"line":241,"column":63}},"241":{"start":{"line":242,"column":0},"end":{"line":242,"column":13}},"242":{"start":{"line":243,"column":0},"end":{"line":243,"column":5}},"244":{"start":{"line":245,"column":0},"end":{"line":245,"column":48}},"247":{"start":{"line":248,"column":0},"end":{"line":248,"column":33}},"248":{"start":{"line":249,"column":0},"end":{"line":249,"column":61}},"249":{"start":{"line":250,"column":0},"end":{"line":250,"column":5}},"251":{"start":{"line":252,"column":0},"end":{"line":252,"column":43}},"253":{"start":{"line":254,"column":0},"end":{"line":254,"column":24}},"254":{"start":{"line":255,"column":0},"end":{"line":255,"column":23}},"255":{"start":{"line":256,"column":0},"end":{"line":256,"column":57}},"256":{"start":{"line":257,"column":0},"end":{"line":257,"column":14}},"257":{"start":{"line":258,"column":0},"end":{"line":258,"column":22}},"258":{"start":{"line":259,"column":0},"end":{"line":259,"column":56}},"259":{"start":{"line":260,"column":0},"end":{"line":260,"column":14}},"260":{"start":{"line":261,"column":0},"end":{"line":261,"column":22}},"261":{"start":{"line":262,"column":0},"end":{"line":262,"column":14}},"262":{"start":{"line":263,"column":0},"end":{"line":263,"column":56}},"263":{"start":{"line":264,"column":0},"end":{"line":264,"column":5}},"265":{"start":{"line":266,"column":0},"end":{"line":266,"column":44}},"268":{"start":{"line":269,"column":0},"end":{"line":269,"column":32}},"269":{"start":{"line":270,"column":0},"end":{"line":270,"column":38}},"270":{"start":{"line":271,"column":0},"end":{"line":271,"column":6}},"271":{"start":{"line":272,"column":0},"end":{"line":272,"column":52}},"273":{"start":{"line":274,"column":0},"end":{"line":274,"column":18}},"274":{"start":{"line":275,"column":0},"end":{"line":275,"column":57}},"275":{"start":{"line":276,"column":0},"end":{"line":276,"column":6}},"276":{"start":{"line":277,"column":0},"end":{"line":277,"column":36}},"279":{"start":{"line":280,"column":0},"end":{"line":280,"column":19}},"280":{"start":{"line":281,"column":0},"end":{"line":281,"column":18}},"281":{"start":{"line":282,"column":0},"end":{"line":282,"column":39}},"282":{"start":{"line":283,"column":0},"end":{"line":283,"column":6}},"283":{"start":{"line":284,"column":0},"end":{"line":284,"column":9}},"286":{"start":{"line":287,"column":0},"end":{"line":287,"column":32}},"287":{"start":{"line":288,"column":0},"end":{"line":288,"column":45}},"288":{"start":{"line":289,"column":0},"end":{"line":289,"column":3}},"291":{"start":{"line":292,"column":0},"end":{"line":292,"column":34}},"292":{"start":{"line":293,"column":0},"end":{"line":293,"column":47}},"293":{"start":{"line":294,"column":0},"end":{"line":294,"column":3}},"296":{"start":{"line":297,"column":0},"end":{"line":297,"column":10}},"297":{"start":{"line":298,"column":0},"end":{"line":298,"column":8}},"298":{"start":{"line":299,"column":0},"end":{"line":299,"column":20}},"299":{"start":{"line":300,"column":0},"end":{"line":300,"column":48}},"300":{"start":{"line":301,"column":0},"end":{"line":301,"column":43}},"301":{"start":{"line":302,"column":0},"end":{"line":302,"column":6}},"303":{"start":{"line":304,"column":0},"end":{"line":304,"column":2}},"305":{"start":{"line":306,"column":0},"end":{"line":306,"column":29}}},"s":{"0":1,"1":1,"2":1,"20":1,"21":1,"22":1,"23":1,"24":1,"25":1,"26":1,"27":1,"29":4,"30":4,"31":4,"33":7,"34":7,"36":6,"37":7,"38":3,"39":3,"40":3,"41":0,"42":7,"43":0,"44":0,"45":0,"46":0,"47":7,"48":3,"49":7,"50":7,"53":1,"54":1,"55":1,"56":1,"57":1,"58":1,"59":1,"60":1,"61":1,"62":1,"63":1,"64":1,"65":1,"66":1,"67":1,"68":1,"69":1,"70":1,"71":1,"72":1,"73":1,"74":1,"75":1,"76":1,"77":1,"78":1,"79":1,"80":1,"81":1,"82":1,"83":1,"84":1,"85":1,"86":1,"87":1,"88":1,"90":3,"91":3,"92":3,"93":3,"94":3,"95":3,"96":3,"97":3,"98":3,"99":3,"100":3,"101":3,"102":3,"103":3,"104":3,"105":3,"106":3,"107":3,"108":3,"109":3,"110":3,"111":3,"112":3,"113":3,"114":3,"115":3,"116":3,"117":3,"118":3,"119":3,"120":3,"121":3,"122":3,"123":3,"124":3,"125":3,"126":3,"127":3,"129":1,"130":1,"131":1,"132":2,"133":2,"134":1,"136":1,"137":1,"138":1,"139":1,"140":1,"141":1,"142":1,"143":1,"144":1,"145":1,"146":1,"147":1,"148":1,"149":1,"150":1,"151":1,"152":1,"153":1,"154":1,"155":1,"156":1,"157":1,"158":1,"159":1,"160":1,"161":1,"162":1,"163":1,"164":1,"165":1,"166":1,"167":1,"168":1,"169":1,"170":1,"171":1,"174":1,"175":2,"176":2,"177":2,"178":2,"179":2,"180":2,"181":2,"182":2,"183":2,"184":2,"186":2,"189":1,"190":5,"192":3,"193":3,"194":3,"195":3,"196":3,"197":3,"198":5,"199":5,"200":5,"202":5,"203":5,"204":3,"205":3,"206":3,"207":3,"208":3,"209":4,"210":4,"211":7,"212":7,"213":7,"215":7,"216":7,"217":4,"218":4,"219":3,"220":3,"221":3,"222":3,"224":3,"226":1,"227":12,"228":12,"229":12,"230":12,"231":12,"232":12,"234":12,"235":12,"238":12,"240":12,"241":7,"242":7,"244":12,"247":5,"248":5,"249":5,"251":5,"253":5,"254":12,"255":1,"256":1,"257":12,"258":1,"259":1,"260":12,"261":12,"262":3,"263":12,"265":5,"268":5,"269":0,"270":0,"271":5,"273":5,"274":5,"275":5,"276":12,"279":12,"280":12,"281":12,"282":12,"283":12,"286":12,"287":2,"288":2,"291":12,"292":5,"293":5,"296":5,"297":5,"298":5,"299":5,"300":12,"301":12,"303":12,"305":1},"branchMap":{"0":{"type":"branch","line":30,"loc":{"start":{"line":30,"column":0},"end":{"line":32,"column":1}},"locations":[{"start":{"line":30,"column":0},"end":{"line":32,"column":1}}]},"1":{"type":"branch","line":34,"loc":{"start":{"line":34,"column":0},"end":{"line":51,"column":1}},"locations":[{"start":{"line":34,"column":0},"end":{"line":51,"column":1}}]},"2":{"type":"branch","line":35,"loc":{"start":{"line":35,"column":16},"end":{"line":35,"column":45}},"locations":[{"start":{"line":35,"column":16},"end":{"line":35,"column":45}}]},"3":{"type":"branch","line":35,"loc":{"start":{"line":35,"column":45},"end":{"line":35,"column":56}},"locations":[{"start":{"line":35,"column":45},"end":{"line":35,"column":56}}]},"4":{"type":"branch","line":35,"loc":{"start":{"line":35,"column":52},"end":{"line":37,"column":17}},"locations":[{"start":{"line":35,"column":52},"end":{"line":37,"column":17}}]},"5":{"type":"branch","line":38,"loc":{"start":{"line":38,"column":4},"end":{"line":42,"column":27}},"locations":[{"start":{"line":38,"column":4},"end":{"line":42,"column":27}}]},"6":{"type":"branch","line":41,"loc":{"start":{"line":41,"column":6},"end":{"line":42,"column":27}},"locations":[{"start":{"line":41,"column":6},"end":{"line":42,"column":27}}]},"7":{"type":"branch","line":43,"loc":{"start":{"line":43,"column":4},"end":{"line":47,"column":27}},"locations":[{"start":{"line":43,"column":4},"end":{"line":47,"column":27}}]},"8":{"type":"branch","line":48,"loc":{"start":{"line":48,"column":4},"end":{"line":49,"column":27}},"locations":[{"start":{"line":48,"column":4},"end":{"line":49,"column":27}}]},"9":{"type":"branch","line":54,"loc":{"start":{"line":54,"column":0},"end":{"line":89,"column":1}},"locations":[{"start":{"line":54,"column":0},"end":{"line":89,"column":1}}]},"10":{"type":"branch","line":60,"loc":{"start":{"line":60,"column":42},"end":{"line":60,"column":50}},"locations":[{"start":{"line":60,"column":42},"end":{"line":60,"column":50}}]},"11":{"type":"branch","line":71,"loc":{"start":{"line":71,"column":17},"end":{"line":71,"column":30}},"locations":[{"start":{"line":71,"column":17},"end":{"line":71,"column":30}}]},"12":{"type":"branch","line":87,"loc":{"start":{"line":87,"column":8},"end":{"line":87,"column":16}},"locations":[{"start":{"line":87,"column":8},"end":{"line":87,"column":16}}]},"13":{"type":"branch","line":60,"loc":{"start":{"line":60,"column":29},"end":{"line":60,"column":42}},"locations":[{"start":{"line":60,"column":29},"end":{"line":60,"column":42}}]},"14":{"type":"branch","line":79,"loc":{"start":{"line":79,"column":23},"end":{"line":87,"column":8}},"locations":[{"start":{"line":79,"column":23},"end":{"line":87,"column":8}}]},"15":{"type":"branch","line":91,"loc":{"start":{"line":91,"column":0},"end":{"line":128,"column":1}},"locations":[{"start":{"line":91,"column":0},"end":{"line":128,"column":1}}]},"16":{"type":"branch","line":100,"loc":{"start":{"line":100,"column":42},"end":{"line":100,"column":50}},"locations":[{"start":{"line":100,"column":42},"end":{"line":100,"column":50}}]},"17":{"type":"branch","line":111,"loc":{"start":{"line":111,"column":17},"end":{"line":111,"column":30}},"locations":[{"start":{"line":111,"column":17},"end":{"line":111,"column":30}}]},"18":{"type":"branch","line":126,"loc":{"start":{"line":126,"column":8},"end":{"line":126,"column":16}},"locations":[{"start":{"line":126,"column":8},"end":{"line":126,"column":16}}]},"19":{"type":"branch","line":100,"loc":{"start":{"line":100,"column":29},"end":{"line":100,"column":42}},"locations":[{"start":{"line":100,"column":29},"end":{"line":100,"column":42}}]},"20":{"type":"branch","line":119,"loc":{"start":{"line":119,"column":23},"end":{"line":126,"column":8}},"locations":[{"start":{"line":119,"column":23},"end":{"line":126,"column":8}}]},"21":{"type":"branch","line":130,"loc":{"start":{"line":130,"column":0},"end":{"line":172,"column":1}},"locations":[{"start":{"line":130,"column":0},"end":{"line":172,"column":1}}]},"22":{"type":"branch","line":135,"loc":{"start":{"line":135,"column":6},"end":{"line":135,"column":14}},"locations":[{"start":{"line":135,"column":6},"end":{"line":135,"column":14}}]},"23":{"type":"branch","line":144,"loc":{"start":{"line":144,"column":12},"end":{"line":144,"column":30}},"locations":[{"start":{"line":144,"column":12},"end":{"line":144,"column":30}}]},"24":{"type":"branch","line":149,"loc":{"start":{"line":149,"column":32},"end":{"line":149,"column":55}},"locations":[{"start":{"line":149,"column":32},"end":{"line":149,"column":55}}]},"25":{"type":"branch","line":152,"loc":{"start":{"line":152,"column":17},"end":{"line":152,"column":33}},"locations":[{"start":{"line":152,"column":17},"end":{"line":152,"column":33}}]},"26":{"type":"branch","line":132,"loc":{"start":{"line":132,"column":21},"end":{"line":135,"column":6}},"locations":[{"start":{"line":132,"column":21},"end":{"line":135,"column":6}}]},"27":{"type":"branch","line":134,"loc":{"start":{"line":134,"column":44},"end":{"line":134,"column":62}},"locations":[{"start":{"line":134,"column":44},"end":{"line":134,"column":62}}]},"28":{"type":"branch","line":175,"loc":{"start":{"line":175,"column":52},"end":{"line":187,"column":2}},"locations":[{"start":{"line":175,"column":52},"end":{"line":187,"column":2}}]},"29":{"type":"branch","line":180,"loc":{"start":{"line":180,"column":19},"end":{"line":180,"column":48}},"locations":[{"start":{"line":180,"column":19},"end":{"line":180,"column":48}}]},"30":{"type":"branch","line":190,"loc":{"start":{"line":190,"column":54},"end":{"line":225,"column":2}},"locations":[{"start":{"line":190,"column":54},"end":{"line":225,"column":2}}]},"31":{"type":"branch","line":191,"loc":{"start":{"line":191,"column":17},"end":{"line":191,"column":45}},"locations":[{"start":{"line":191,"column":17},"end":{"line":191,"column":45}}]},"32":{"type":"branch","line":191,"loc":{"start":{"line":191,"column":45},"end":{"line":191,"column":57}},"locations":[{"start":{"line":191,"column":45},"end":{"line":191,"column":57}}]},"33":{"type":"branch","line":191,"loc":{"start":{"line":191,"column":52},"end":{"line":225,"column":2}},"locations":[{"start":{"line":191,"column":52},"end":{"line":225,"column":2}}]},"34":{"type":"branch","line":198,"loc":{"start":{"line":198,"column":35},"end":{"line":204,"column":19}},"locations":[{"start":{"line":198,"column":35},"end":{"line":204,"column":19}}]},"35":{"type":"branch","line":209,"loc":{"start":{"line":209,"column":30},"end":{"line":219,"column":17}},"locations":[{"start":{"line":209,"column":30},"end":{"line":219,"column":17}}]},"36":{"type":"branch","line":211,"loc":{"start":{"line":211,"column":38},"end":{"line":217,"column":21}},"locations":[{"start":{"line":211,"column":38},"end":{"line":217,"column":21}}]},"37":{"type":"branch","line":227,"loc":{"start":{"line":227,"column":59},"end":{"line":304,"column":2}},"locations":[{"start":{"line":227,"column":59},"end":{"line":304,"column":2}}]},"38":{"type":"branch","line":287,"loc":{"start":{"line":287,"column":31},"end":{"line":289,"column":3}},"locations":[{"start":{"line":287,"column":31},"end":{"line":289,"column":3}}]},"39":{"type":"branch","line":289,"loc":{"start":{"line":289,"column":2},"end":{"line":292,"column":33}},"locations":[{"start":{"line":289,"column":2},"end":{"line":292,"column":33}}]},"40":{"type":"branch","line":292,"loc":{"start":{"line":292,"column":33},"end":{"line":301,"column":29}},"locations":[{"start":{"line":292,"column":33},"end":{"line":301,"column":29}}]},"41":{"type":"branch","line":301,"loc":{"start":{"line":301,"column":22},"end":{"line":301,"column":37}},"locations":[{"start":{"line":301,"column":22},"end":{"line":301,"column":37}}]},"42":{"type":"branch","line":301,"loc":{"start":{"line":301,"column":29},"end":{"line":301,"column":43}},"locations":[{"start":{"line":301,"column":29},"end":{"line":301,"column":43}}]},"43":{"type":"branch","line":235,"loc":{"start":{"line":235,"column":28},"end":{"line":235,"column":53}},"locations":[{"start":{"line":235,"column":28},"end":{"line":235,"column":53}}]},"44":{"type":"branch","line":239,"loc":{"start":{"line":239,"column":12},"end":{"line":277,"column":5}},"locations":[{"start":{"line":239,"column":12},"end":{"line":277,"column":5}}]},"45":{"type":"branch","line":241,"loc":{"start":{"line":241,"column":22},"end":{"line":241,"column":62}},"locations":[{"start":{"line":241,"column":22},"end":{"line":241,"column":62}}]},"46":{"type":"branch","line":241,"loc":{"start":{"line":241,"column":62},"end":{"line":243,"column":5}},"locations":[{"start":{"line":241,"column":62},"end":{"line":243,"column":5}}]},"47":{"type":"branch","line":243,"loc":{"start":{"line":243,"column":4},"end":{"line":245,"column":41}},"locations":[{"start":{"line":243,"column":4},"end":{"line":245,"column":41}}]},"48":{"type":"branch","line":245,"loc":{"start":{"line":245,"column":41},"end":{"line":245,"column":48}},"locations":[{"start":{"line":245,"column":41},"end":{"line":245,"column":48}}]},"49":{"type":"branch","line":245,"loc":{"start":{"line":245,"column":41},"end":{"line":254,"column":24}},"locations":[{"start":{"line":245,"column":41},"end":{"line":254,"column":24}}]},"50":{"type":"branch","line":255,"loc":{"start":{"line":255,"column":6},"end":{"line":257,"column":14}},"locations":[{"start":{"line":255,"column":6},"end":{"line":257,"column":14}}]},"51":{"type":"branch","line":258,"loc":{"start":{"line":258,"column":6},"end":{"line":260,"column":14}},"locations":[{"start":{"line":258,"column":6},"end":{"line":260,"column":14}}]},"52":{"type":"branch","line":261,"loc":{"start":{"line":261,"column":6},"end":{"line":261,"column":22}},"locations":[{"start":{"line":261,"column":6},"end":{"line":261,"column":22}}]},"53":{"type":"branch","line":262,"loc":{"start":{"line":262,"column":6},"end":{"line":263,"column":56}},"locations":[{"start":{"line":262,"column":6},"end":{"line":263,"column":56}}]},"54":{"type":"branch","line":264,"loc":{"start":{"line":264,"column":4},"end":{"line":276,"column":6}},"locations":[{"start":{"line":264,"column":4},"end":{"line":276,"column":6}}]},"55":{"type":"branch","line":274,"loc":{"start":{"line":274,"column":11},"end":{"line":276,"column":6}},"locations":[{"start":{"line":274,"column":11},"end":{"line":276,"column":6}}]},"56":{"type":"branch","line":280,"loc":{"start":{"line":280,"column":12},"end":{"line":284,"column":5}},"locations":[{"start":{"line":280,"column":12},"end":{"line":284,"column":5}}]},"57":{"type":"branch","line":281,"loc":{"start":{"line":281,"column":11},"end":{"line":283,"column":6}},"locations":[{"start":{"line":281,"column":11},"end":{"line":283,"column":6}}]},"58":{"type":"branch","line":282,"loc":{"start":{"line":282,"column":20},"end":{"line":282,"column":37}},"locations":[{"start":{"line":282,"column":20},"end":{"line":282,"column":37}}]}},"b":{"0":[4],"1":[7],"2":[6],"3":[1],"4":[6],"5":[3],"6":[0],"7":[0],"8":[3],"9":[1],"10":[0],"11":[0],"12":[0],"13":[1],"14":[1],"15":[3],"16":[0],"17":[0],"18":[0],"19":[3],"20":[3],"21":[1],"22":[0],"23":[0],"24":[0],"25":[0],"26":[2],"27":[0],"28":[2],"29":[1],"30":[5],"31":[4],"32":[2],"33":[3],"34":[5],"35":[4],"36":[7],"37":[12],"38":[2],"39":[10],"40":[5],"41":[1],"42":[4],"43":[12],"44":[12],"45":[10],"46":[7],"47":[5],"48":[0],"49":[5],"50":[1],"51":[1],"52":[3],"53":[3],"54":[5],"55":[5],"56":[12],"57":[12],"58":[5]},"fnMap":{"0":{"name":"getChartColor","decl":{"start":{"line":30,"column":0},"end":{"line":32,"column":1}},"loc":{"start":{"line":30,"column":0},"end":{"line":32,"column":1}},"line":30},"1":{"name":"formatCellValue","decl":{"start":{"line":34,"column":0},"end":{"line":51,"column":1}},"loc":{"start":{"line":34,"column":0},"end":{"line":51,"column":1}},"line":34},"2":{"name":"createLineChartOption","decl":{"start":{"line":54,"column":0},"end":{"line":89,"column":1}},"loc":{"start":{"line":54,"column":0},"end":{"line":89,"column":1}},"line":54},"3":{"name":"createBarChartOption","decl":{"start":{"line":91,"column":0},"end":{"line":128,"column":1}},"loc":{"start":{"line":91,"column":0},"end":{"line":128,"column":1}},"line":91},"4":{"name":"createPieChartOption","decl":{"start":{"line":130,"column":0},"end":{"line":172,"column":1}},"loc":{"start":{"line":130,"column":0},"end":{"line":172,"column":1}},"line":130},"5":{"name":"KPICard","decl":{"start":{"line":175,"column":52},"end":{"line":187,"column":2}},"loc":{"start":{"line":175,"column":52},"end":{"line":187,"column":2}},"line":175},"6":{"name":"DataTable","decl":{"start":{"line":190,"column":54},"end":{"line":225,"column":2}},"loc":{"start":{"line":190,"column":54},"end":{"line":225,"column":2}},"line":190},"7":{"name":"ChartRenderer","decl":{"start":{"line":227,"column":59},"end":{"line":304,"column":2}},"loc":{"start":{"line":227,"column":59},"end":{"line":304,"column":2}},"line":227},"8":{"name":"handleResize","decl":{"start":{"line":269,"column":25},"end":{"line":271,"column":6}},"loc":{"start":{"line":269,"column":25},"end":{"line":271,"column":6}},"line":269}},"f":{"0":4,"1":7,"2":1,"3":3,"4":1,"5":2,"6":5,"7":12,"8":0}}
,"/Users/v13478/Desktop/MediSync/frontend/src/components/chat/ChatHeader.tsx": {"path":"/Users/v13478/Desktop/MediSync/frontend/src/components/chat/ChatHeader.tsx","all":false,"statementMap":{"0":{"start":{"line":1,"column":0},"end":{"line":1,"column":26}},"1":{"start":{"line":2,"column":0},"end":{"line":2,"column":47}},"2":{"start":{"line":3,"column":0},"end":{"line":3,"column":62}},"10":{"start":{"line":11,"column":0},"end":{"line":11,"column":55}},"11":{"start":{"line":12,"column":0},"end":{"line":12,"column":12}},"12":{"start":{"line":13,"column":0},"end":{"line":13,"column":15}},"13":{"start":{"line":14,"column":0},"end":{"line":14,"column":9}},"14":{"start":{"line":15,"column":0},"end":{"line":15,"column":7}},"15":{"start":{"line":16,"column":0},"end":{"line":16,"column":39}},"17":{"start":{"line":18,"column":0},"end":{"line":18,"column":10}},"18":{"start":{"line":19,"column":0},"end":{"line":19,"column":140}},"19":{"start":{"line":20,"column":0},"end":{"line":20,"column":47}},"21":{"start":{"line":22,"column":0},"end":{"line":22,"column":49}},"22":{"start":{"line":23,"column":0},"end":{"line":23,"column":94}},"23":{"start":{"line":24,"column":0},"end":{"line":24,"column":16}},"24":{"start":{"line":25,"column":0},"end":{"line":25,"column":44}},"25":{"start":{"line":26,"column":0},"end":{"line":26,"column":25}},"26":{"start":{"line":27,"column":0},"end":{"line":27,"column":33}},"27":{"start":{"line":28,"column":0},"end":{"line":28,"column":35}},"29":{"start":{"line":30,"column":0},"end":{"line":30,"column":19}},"30":{"start":{"line":31,"column":0},"end":{"line":31,"column":37}},"31":{"start":{"line":32,"column":0},"end":{"line":32,"column":38}},"32":{"start":{"line":33,"column":0},"end":{"line":33,"column":31}},"33":{"start":{"line":34,"column":0},"end":{"line":34,"column":216}},"34":{"start":{"line":35,"column":0},"end":{"line":35,"column":16}},"35":{"start":{"line":36,"column":0},"end":{"line":36,"column":18}},"36":{"start":{"line":37,"column":0},"end":{"line":37,"column":16}},"37":{"start":{"line":38,"column":0},"end":{"line":38,"column":78}},"38":{"start":{"line":39,"column":0},"end":{"line":39,"column":31}},"39":{"start":{"line":40,"column":0},"end":{"line":40,"column":15}},"40":{"start":{"line":41,"column":0},"end":{"line":41,"column":14}},"43":{"start":{"line":44,"column":0},"end":{"line":44,"column":77}},"44":{"start":{"line":45,"column":0},"end":{"line":45,"column":36}},"45":{"start":{"line":46,"column":0},"end":{"line":46,"column":15}},"46":{"start":{"line":47,"column":0},"end":{"line":47,"column":12}},"48":{"start":{"line":49,"column":0},"end":{"line":49,"column":47}},"50":{"start":{"line":51,"column":0},"end":{"line":51,"column":51}},"53":{"start":{"line":54,"column":0},"end":{"line":54,"column":15}},"54":{"start":{"line":55,"column":0},"end":{"line":55,"column":32}},"55":{"start":{"line":56,"column":0},"end":{"line":56,"column":254}},"57":{"start":{"line":58,"column":0},"end":{"line":58,"column":14}},"58":{"start":{"line":59,"column":0},"end":{"line":59,"column":31}},"59":{"start":{"line":60,"column":0},"end":{"line":60,"column":23}},"60":{"start":{"line":61,"column":0},"end":{"line":61,"column":31}},"61":{"start":{"line":62,"column":0},"end":{"line":62,"column":33}},"63":{"start":{"line":64,"column":0},"end":{"line":64,"column":17}},"64":{"start":{"line":65,"column":0},"end":{"line":65,"column":35}},"65":{"start":{"line":66,"column":0},"end":{"line":66,"column":36}},"66":{"start":{"line":67,"column":0},"end":{"line":67,"column":29}},"67":{"start":{"line":68,"column":0},"end":{"line":68,"column":32}},"68":{"start":{"line":69,"column":0},"end":{"line":69,"column":14}},"69":{"start":{"line":70,"column":0},"end":{"line":70,"column":16}},"70":{"start":{"line":71,"column":0},"end":{"line":71,"column":34}},"71":{"start":{"line":72,"column":0},"end":{"line":72,"column":17}},"72":{"start":{"line":73,"column":0},"end":{"line":73,"column":12}},"73":{"start":{"line":74,"column":0},"end":{"line":74,"column":13}},"75":{"start":{"line":76,"column":0},"end":{"line":76,"column":2}},"77":{"start":{"line":78,"column":0},"end":{"line":78,"column":26}}},"s":{"0":1,"1":1,"2":1,"10":1,"11":5,"12":5,"13":5,"14":5,"15":5,"17":5,"18":5,"19":5,"21":5,"22":5,"23":5,"24":5,"25":5,"26":5,"27":5,"29":5,"30":5,"31":5,"32":5,"33":5,"34":5,"35":5,"36":5,"37":5,"38":5,"39":5,"40":5,"43":5,"44":5,"45":5,"46":5,"48":5,"50":5,"53":5,"54":5,"55":5,"57":5,"58":5,"59":5,"60":5,"61":5,"63":5,"64":5,"65":5,"66":5,"67":5,"68":5,"69":5,"70":5,"71":5,"72":5,"73":5,"75":5,"77":1},"branchMap":{"0":{"type":"branch","line":11,"loc":{"start":{"line":11,"column":53},"end":{"line":76,"column":2}},"locations":[{"start":{"line":11,"column":53},"end":{"line":76,"column":2}}]}},"b":{"0":[5]},"fnMap":{"0":{"name":"ChatHeader","decl":{"start":{"line":11,"column":53},"end":{"line":76,"column":2}},"loc":{"start":{"line":11,"column":53},"end":{"line":76,"column":2}},"line":11}},"f":{"0":5}}
,"/Users/v13478/Desktop/MediSync/frontend/src/components/chat/ChatInput.tsx": {"path":"/Users/v13478/Desktop/MediSync/frontend/src/components/chat/ChatInput.tsx","all":false,"statementMap":{"0":{"start":{"line":1,"column":0},"end":{"line":1,"column":72}},"1":{"start":{"line":2,"column":0},"end":{"line":2,"column":47}},"10":{"start":{"line":11,"column":0},"end":{"line":11,"column":53}},"11":{"start":{"line":12,"column":0},"end":{"line":12,"column":9}},"12":{"start":{"line":13,"column":0},"end":{"line":13,"column":19}},"13":{"start":{"line":14,"column":0},"end":{"line":14,"column":9}},"14":{"start":{"line":15,"column":0},"end":{"line":15,"column":14}},"15":{"start":{"line":16,"column":0},"end":{"line":16,"column":7}},"16":{"start":{"line":17,"column":0},"end":{"line":17,"column":39}},"17":{"start":{"line":18,"column":0},"end":{"line":18,"column":41}},"18":{"start":{"line":19,"column":0},"end":{"line":19,"column":56}},"21":{"start":{"line":22,"column":0},"end":{"line":22,"column":19}},"22":{"start":{"line":23,"column":0},"end":{"line":23,"column":30}},"23":{"start":{"line":24,"column":0},"end":{"line":24,"column":48}},"24":{"start":{"line":25,"column":0},"end":{"line":25,"column":96}},"25":{"start":{"line":26,"column":0},"end":{"line":26,"column":5}},"26":{"start":{"line":27,"column":0},"end":{"line":27,"column":14}},"28":{"start":{"line":29,"column":0},"end":{"line":29,"column":40}},"29":{"start":{"line":30,"column":0},"end":{"line":30,"column":36}},"30":{"start":{"line":31,"column":0},"end":{"line":31,"column":27}},"31":{"start":{"line":32,"column":0},"end":{"line":32,"column":19}},"32":{"start":{"line":33,"column":0},"end":{"line":33,"column":32}},"33":{"start":{"line":34,"column":0},"end":{"line":34,"column":50}},"34":{"start":{"line":35,"column":0},"end":{"line":35,"column":7}},"35":{"start":{"line":36,"column":0},"end":{"line":36,"column":5}},"36":{"start":{"line":37,"column":0},"end":{"line":37,"column":32}},"38":{"start":{"line":39,"column":0},"end":{"line":39,"column":36}},"39":{"start":{"line":40,"column":0},"end":{"line":40,"column":54}},"40":{"start":{"line":41,"column":0},"end":{"line":41,"column":45}},"41":{"start":{"line":42,"column":0},"end":{"line":42,"column":27}},"42":{"start":{"line":43,"column":0},"end":{"line":43,"column":21}},"43":{"start":{"line":44,"column":0},"end":{"line":44,"column":7}},"44":{"start":{"line":45,"column":0},"end":{"line":45,"column":6}},"45":{"start":{"line":46,"column":0},"end":{"line":46,"column":16}},"46":{"start":{"line":47,"column":0},"end":{"line":47,"column":4}},"48":{"start":{"line":49,"column":0},"end":{"line":49,"column":32}},"50":{"start":{"line":51,"column":0},"end":{"line":51,"column":10}},"51":{"start":{"line":52,"column":0},"end":{"line":52,"column":8}},"52":{"start":{"line":53,"column":0},"end":{"line":53,"column":160}},"54":{"start":{"line":55,"column":0},"end":{"line":55,"column":15}},"55":{"start":{"line":56,"column":0},"end":{"line":56,"column":25}},"56":{"start":{"line":57,"column":0},"end":{"line":57,"column":21}},"57":{"start":{"line":58,"column":0},"end":{"line":58,"column":50}},"58":{"start":{"line":59,"column":0},"end":{"line":59,"column":33}},"59":{"start":{"line":60,"column":0},"end":{"line":60,"column":27}},"60":{"start":{"line":61,"column":0},"end":{"line":61,"column":59}},"61":{"start":{"line":62,"column":0},"end":{"line":62,"column":16}},"62":{"start":{"line":63,"column":0},"end":{"line":63,"column":197}},"63":{"start":{"line":64,"column":0},"end":{"line":64,"column":35}},"64":{"start":{"line":65,"column":0},"end":{"line":65,"column":8}},"66":{"start":{"line":67,"column":0},"end":{"line":67,"column":13}},"67":{"start":{"line":68,"column":0},"end":{"line":68,"column":28}},"68":{"start":{"line":69,"column":0},"end":{"line":69,"column":44}},"69":{"start":{"line":70,"column":0},"end":{"line":70,"column":69}},"70":{"start":{"line":71,"column":0},"end":{"line":71,"column":35}},"71":{"start":{"line":72,"column":0},"end":{"line":72,"column":96}},"72":{"start":{"line":73,"column":0},"end":{"line":73,"column":62}},"73":{"start":{"line":74,"column":0},"end":{"line":74,"column":11}},"74":{"start":{"line":75,"column":0},"end":{"line":75,"column":36}},"76":{"start":{"line":77,"column":0},"end":{"line":77,"column":21}},"77":{"start":{"line":78,"column":0},"end":{"line":78,"column":14}},"78":{"start":{"line":79,"column":0},"end":{"line":79,"column":44}},"79":{"start":{"line":80,"column":0},"end":{"line":80,"column":23}},"80":{"start":{"line":81,"column":0},"end":{"line":81,"column":31}},"82":{"start":{"line":83,"column":0},"end":{"line":83,"column":19}},"83":{"start":{"line":84,"column":0},"end":{"line":84,"column":36}},"84":{"start":{"line":85,"column":0},"end":{"line":85,"column":21}},"85":{"start":{"line":86,"column":0},"end":{"line":86,"column":21}},"86":{"start":{"line":87,"column":0},"end":{"line":87,"column":20}},"87":{"start":{"line":88,"column":0},"end":{"line":88,"column":35}},"88":{"start":{"line":89,"column":0},"end":{"line":89,"column":29}},"89":{"start":{"line":90,"column":0},"end":{"line":90,"column":14}},"90":{"start":{"line":91,"column":0},"end":{"line":91,"column":17}},"91":{"start":{"line":92,"column":0},"end":{"line":92,"column":36}},"92":{"start":{"line":93,"column":0},"end":{"line":93,"column":33}},"93":{"start":{"line":94,"column":0},"end":{"line":94,"column":129}},"94":{"start":{"line":95,"column":0},"end":{"line":95,"column":14}},"95":{"start":{"line":96,"column":0},"end":{"line":96,"column":16}},"97":{"start":{"line":98,"column":0},"end":{"line":98,"column":14}},"98":{"start":{"line":99,"column":0},"end":{"line":99,"column":62}},"99":{"start":{"line":100,"column":0},"end":{"line":100,"column":23}},"100":{"start":{"line":101,"column":0},"end":{"line":101,"column":31}},"101":{"start":{"line":102,"column":0},"end":{"line":102,"column":33}},"103":{"start":{"line":104,"column":0},"end":{"line":104,"column":17}},"104":{"start":{"line":105,"column":0},"end":{"line":105,"column":35}},"105":{"start":{"line":106,"column":0},"end":{"line":106,"column":36}},"106":{"start":{"line":107,"column":0},"end":{"line":107,"column":29}},"107":{"start":{"line":108,"column":0},"end":{"line":108,"column":50}},"108":{"start":{"line":109,"column":0},"end":{"line":109,"column":14}},"109":{"start":{"line":110,"column":0},"end":{"line":110,"column":16}},"111":{"start":{"line":112,"column":0},"end":{"line":112,"column":15}},"112":{"start":{"line":113,"column":0},"end":{"line":113,"column":10}},"114":{"start":{"line":115,"column":0},"end":{"line":115,"column":2}},"116":{"start":{"line":117,"column":0},"end":{"line":117,"column":25}}},"s":{"0":1,"1":1,"10":1,"11":57,"12":57,"13":57,"14":57,"15":57,"16":57,"17":57,"18":57,"21":57,"22":57,"23":57,"24":57,"25":57,"26":57,"28":57,"29":3,"30":3,"31":3,"32":3,"33":3,"34":3,"35":3,"36":57,"38":57,"39":57,"40":46,"41":1,"42":1,"43":1,"44":46,"45":57,"46":57,"48":57,"50":57,"51":57,"52":57,"54":57,"55":57,"56":57,"57":57,"58":57,"59":57,"60":57,"61":57,"62":57,"63":57,"64":57,"66":57,"67":57,"68":57,"69":57,"70":57,"71":12,"72":45,"73":57,"74":57,"76":57,"77":1,"78":1,"79":1,"80":1,"82":1,"83":1,"84":1,"85":1,"86":1,"87":1,"88":1,"89":1,"90":1,"91":1,"92":1,"93":1,"94":1,"95":1,"97":56,"98":56,"99":56,"100":56,"101":56,"103":56,"104":56,"105":56,"106":56,"107":56,"108":56,"109":56,"111":57,"112":57,"114":57,"116":1},"branchMap":{"0":{"type":"branch","line":11,"loc":{"start":{"line":11,"column":51},"end":{"line":115,"column":2}},"locations":[{"start":{"line":11,"column":51},"end":{"line":115,"column":2}}]},"1":{"type":"branch","line":53,"loc":{"start":{"line":53,"column":126},"end":{"line":53,"column":155}},"locations":[{"start":{"line":53,"column":126},"end":{"line":53,"column":155}}]},"2":{"type":"branch","line":53,"loc":{"start":{"line":53,"column":134},"end":{"line":53,"column":157}},"locations":[{"start":{"line":53,"column":134},"end":{"line":53,"column":157}}]},"3":{"type":"branch","line":63,"loc":{"start":{"line":63,"column":160},"end":{"line":63,"column":183}},"locations":[{"start":{"line":63,"column":160},"end":{"line":63,"column":183}}]},"4":{"type":"branch","line":63,"loc":{"start":{"line":63,"column":168},"end":{"line":63,"column":194}},"locations":[{"start":{"line":63,"column":168},"end":{"line":63,"column":194}}]},"5":{"type":"branch","line":64,"loc":{"start":{"line":64,"column":13},"end":{"line":64,"column":29}},"locations":[{"start":{"line":64,"column":13},"end":{"line":64,"column":29}}]},"6":{"type":"branch","line":64,"loc":{"start":{"line":64,"column":21},"end":{"line":64,"column":35}},"locations":[{"start":{"line":64,"column":21},"end":{"line":64,"column":35}}]},"7":{"type":"branch","line":69,"loc":{"start":{"line":69,"column":18},"end":{"line":69,"column":44}},"locations":[{"start":{"line":69,"column":18},"end":{"line":69,"column":44}}]},"8":{"type":"branch","line":71,"loc":{"start":{"line":71,"column":10},"end":{"line":71,"column":35}},"locations":[{"start":{"line":71,"column":10},"end":{"line":71,"column":35}}]},"9":{"type":"branch","line":71,"loc":{"start":{"line":71,"column":34},"end":{"line":72,"column":96}},"locations":[{"start":{"line":71,"column":34},"end":{"line":72,"column":96}}]},"10":{"type":"branch","line":72,"loc":{"start":{"line":72,"column":14},"end":{"line":73,"column":62}},"locations":[{"start":{"line":72,"column":14},"end":{"line":73,"column":62}}]},"11":{"type":"branch","line":77,"loc":{"start":{"line":77,"column":9},"end":{"line":96,"column":16}},"locations":[{"start":{"line":77,"column":9},"end":{"line":96,"column":16}}]},"12":{"type":"branch","line":96,"loc":{"start":{"line":96,"column":10},"end":{"line":110,"column":16}},"locations":[{"start":{"line":96,"column":10},"end":{"line":110,"column":16}}]},"13":{"type":"branch","line":99,"loc":{"start":{"line":99,"column":34},"end":{"line":99,"column":57}},"locations":[{"start":{"line":99,"column":34},"end":{"line":99,"column":57}}]},"14":{"type":"branch","line":99,"loc":{"start":{"line":99,"column":42},"end":{"line":99,"column":59}},"locations":[{"start":{"line":99,"column":42},"end":{"line":99,"column":59}}]},"15":{"type":"branch","line":22,"loc":{"start":{"line":22,"column":12},"end":{"line":27,"column":5}},"locations":[{"start":{"line":22,"column":12},"end":{"line":27,"column":5}}]},"16":{"type":"branch","line":29,"loc":{"start":{"line":29,"column":33},"end":{"line":37,"column":5}},"locations":[{"start":{"line":29,"column":33},"end":{"line":37,"column":5}}]},"17":{"type":"branch","line":40,"loc":{"start":{"line":40,"column":4},"end":{"line":45,"column":6}},"locations":[{"start":{"line":40,"column":4},"end":{"line":45,"column":6}}]},"18":{"type":"branch","line":41,"loc":{"start":{"line":41,"column":20},"end":{"line":41,"column":44}},"locations":[{"start":{"line":41,"column":20},"end":{"line":41,"column":44}}]},"19":{"type":"branch","line":41,"loc":{"start":{"line":41,"column":44},"end":{"line":44,"column":7}},"locations":[{"start":{"line":41,"column":44},"end":{"line":44,"column":7}}]},"20":{"type":"branch","line":58,"loc":{"start":{"line":58,"column":18},"end":{"line":58,"column":50}},"locations":[{"start":{"line":58,"column":18},"end":{"line":58,"column":50}}]}},"b":{"0":[57],"1":[1],"2":[56],"3":[1],"4":[56],"5":[1],"6":[56],"7":[56],"8":[56],"9":[12],"10":[45],"11":[1],"12":[56],"13":[1],"14":[55],"15":[57],"16":[3],"17":[46],"18":[1],"19":[1],"20":[45]},"fnMap":{"0":{"name":"ChatInput","decl":{"start":{"line":11,"column":51},"end":{"line":115,"column":2}},"loc":{"start":{"line":11,"column":51},"end":{"line":115,"column":2}},"line":11},"1":{"name":"onChange","decl":{"start":{"line":58,"column":18},"end":{"line":58,"column":50}},"loc":{"start":{"line":58,"column":18},"end":{"line":58,"column":50}},"line":58}},"f":{"0":57,"1":45}}
,"/Users/v13478/Desktop/MediSync/frontend/src/components/chat/ChatInterface.tsx": {"path":"/Users/v13478/Desktop/MediSync/frontend/src/components/chat/ChatInterface.tsx","all":false,"statementMap":{"0":{"start":{"line":1,"column":0},"end":{"line":1,"column":72}},"1":{"start":{"line":2,"column":0},"end":{"line":2,"column":47}},"2":{"start":{"line":3,"column":0},"end":{"line":3,"column":36}},"3":{"start":{"line":4,"column":0},"end":{"line":4,"column":44}},"4":{"start":{"line":5,"column":0},"end":{"line":5,"column":40}},"5":{"start":{"line":6,"column":0},"end":{"line":6,"column":54}},"6":{"start":{"line":7,"column":0},"end":{"line":7,"column":54}},"7":{"start":{"line":8,"column":0},"end":{"line":8,"column":42}},"8":{"start":{"line":9,"column":0},"end":{"line":9,"column":50}},"9":{"start":{"line":10,"column":0},"end":{"line":10,"column":70}},"23":{"start":{"line":24,"column":0},"end":{"line":24,"column":61}},"24":{"start":{"line":25,"column":0},"end":{"line":25,"column":19}},"25":{"start":{"line":26,"column":0},"end":{"line":26,"column":18}},"26":{"start":{"line":27,"column":0},"end":{"line":27,"column":17}},"27":{"start":{"line":28,"column":0},"end":{"line":28,"column":7}},"28":{"start":{"line":29,"column":0},"end":{"line":29,"column":39}},"29":{"start":{"line":30,"column":0},"end":{"line":30,"column":33}},"31":{"start":{"line":32,"column":0},"end":{"line":32,"column":75}},"32":{"start":{"line":33,"column":0},"end":{"line":33,"column":62}},"33":{"start":{"line":34,"column":0},"end":{"line":34,"column":62}},"34":{"start":{"line":35,"column":0},"end":{"line":35,"column":23}},"35":{"start":{"line":36,"column":0},"end":{"line":36,"column":15}},"36":{"start":{"line":37,"column":0},"end":{"line":37,"column":23}},"37":{"start":{"line":38,"column":0},"end":{"line":38,"column":5}},"38":{"start":{"line":39,"column":0},"end":{"line":39,"column":58}},"40":{"start":{"line":41,"column":0},"end":{"line":41,"column":54}},"41":{"start":{"line":42,"column":0},"end":{"line":42,"column":66}},"44":{"start":{"line":45,"column":0},"end":{"line":45,"column":19}},"45":{"start":{"line":46,"column":0},"end":{"line":46,"column":67}},"46":{"start":{"line":47,"column":0},"end":{"line":47,"column":35}},"49":{"start":{"line":50,"column":0},"end":{"line":50,"column":19}},"50":{"start":{"line":51,"column":0},"end":{"line":51,"column":20}},"51":{"start":{"line":52,"column":0},"end":{"line":52,"column":30}},"52":{"start":{"line":53,"column":0},"end":{"line":53,"column":5}},"54":{"start":{"line":55,"column":0},"end":{"line":55,"column":18}},"56":{"start":{"line":57,"column":0},"end":{"line":57,"column":47}},"57":{"start":{"line":58,"column":0},"end":{"line":58,"column":28}},"58":{"start":{"line":59,"column":0},"end":{"line":59,"column":60}},"59":{"start":{"line":60,"column":0},"end":{"line":60,"column":37}},"60":{"start":{"line":61,"column":0},"end":{"line":61,"column":19}},"61":{"start":{"line":62,"column":0},"end":{"line":62,"column":53}},"62":{"start":{"line":63,"column":0},"end":{"line":63,"column":40}},"63":{"start":{"line":64,"column":0},"end":{"line":64,"column":5}},"64":{"start":{"line":65,"column":0},"end":{"line":65,"column":4}},"66":{"start":{"line":67,"column":0},"end":{"line":67,"column":66}},"67":{"start":{"line":68,"column":0},"end":{"line":68,"column":55}},"69":{"start":{"line":70,"column":0},"end":{"line":70,"column":19}},"72":{"start":{"line":73,"column":0},"end":{"line":73,"column":38}},"73":{"start":{"line":74,"column":0},"end":{"line":74,"column":19}},"74":{"start":{"line":75,"column":0},"end":{"line":75,"column":16}},"75":{"start":{"line":76,"column":0},"end":{"line":76,"column":19}},"76":{"start":{"line":77,"column":0},"end":{"line":77,"column":21}},"77":{"start":{"line":78,"column":0},"end":{"line":78,"column":42}},"78":{"start":{"line":79,"column":0},"end":{"line":79,"column":6}},"79":{"start":{"line":80,"column":0},"end":{"line":80,"column":50}},"82":{"start":{"line":83,"column":0},"end":{"line":83,"column":18}},"83":{"start":{"line":84,"column":0},"end":{"line":84,"column":24}},"84":{"start":{"line":85,"column":0},"end":{"line":85,"column":17}},"85":{"start":{"line":86,"column":0},"end":{"line":86,"column":25}},"86":{"start":{"line":87,"column":0},"end":{"line":87,"column":7}},"89":{"start":{"line":90,"column":0},"end":{"line":90,"column":55}},"91":{"start":{"line":92,"column":0},"end":{"line":92,"column":9}},"92":{"start":{"line":93,"column":0},"end":{"line":93,"column":49}},"93":{"start":{"line":94,"column":0},"end":{"line":94,"column":33}},"94":{"start":{"line":95,"column":0},"end":{"line":95,"column":18}},"95":{"start":{"line":96,"column":0},"end":{"line":96,"column":42}},"96":{"start":{"line":97,"column":0},"end":{"line":97,"column":63}},"97":{"start":{"line":98,"column":0},"end":{"line":98,"column":12}},"98":{"start":{"line":99,"column":0},"end":{"line":99,"column":8}},"100":{"start":{"line":101,"column":0},"end":{"line":101,"column":48}},"101":{"start":{"line":102,"column":0},"end":{"line":102,"column":9}},"102":{"start":{"line":103,"column":0},"end":{"line":103,"column":16}},"103":{"start":{"line":104,"column":0},"end":{"line":104,"column":20}},"104":{"start":{"line":105,"column":0},"end":{"line":105,"column":17}},"105":{"start":{"line":106,"column":0},"end":{"line":106,"column":10}},"106":{"start":{"line":107,"column":0},"end":{"line":107,"column":21}},"107":{"start":{"line":108,"column":0},"end":{"line":108,"column":41}},"108":{"start":{"line":109,"column":0},"end":{"line":109,"column":8}},"111":{"start":{"line":112,"column":0},"end":{"line":112,"column":19}},"112":{"start":{"line":113,"column":0},"end":{"line":113,"column":47}},"113":{"start":{"line":114,"column":0},"end":{"line":114,"column":23}},"114":{"start":{"line":115,"column":0},"end":{"line":115,"column":20}},"115":{"start":{"line":116,"column":0},"end":{"line":116,"column":28}},"116":{"start":{"line":117,"column":0},"end":{"line":117,"column":55}},"117":{"start":{"line":118,"column":0},"end":{"line":118,"column":38}},"118":{"start":{"line":119,"column":0},"end":{"line":119,"column":40}},"119":{"start":{"line":120,"column":0},"end":{"line":120,"column":46}},"120":{"start":{"line":121,"column":0},"end":{"line":121,"column":10}},"121":{"start":{"line":122,"column":0},"end":{"line":122,"column":59}},"122":{"start":{"line":123,"column":0},"end":{"line":123,"column":7}},"123":{"start":{"line":124,"column":0},"end":{"line":124,"column":19}},"124":{"start":{"line":125,"column":0},"end":{"line":125,"column":62}},"125":{"start":{"line":126,"column":0},"end":{"line":126,"column":39}},"126":{"start":{"line":127,"column":0},"end":{"line":127,"column":14}},"127":{"start":{"line":128,"column":0},"end":{"line":128,"column":42}},"128":{"start":{"line":129,"column":0},"end":{"line":129,"column":34}},"129":{"start":{"line":130,"column":0},"end":{"line":130,"column":7}},"130":{"start":{"line":131,"column":0},"end":{"line":131,"column":15}},"131":{"start":{"line":132,"column":0},"end":{"line":132,"column":20}},"132":{"start":{"line":133,"column":0},"end":{"line":133,"column":27}},"133":{"start":{"line":134,"column":0},"end":{"line":134,"column":19}},"134":{"start":{"line":135,"column":0},"end":{"line":135,"column":27}},"135":{"start":{"line":136,"column":0},"end":{"line":136,"column":9}},"136":{"start":{"line":137,"column":0},"end":{"line":137,"column":40}},"137":{"start":{"line":138,"column":0},"end":{"line":138,"column":5}},"138":{"start":{"line":139,"column":0},"end":{"line":139,"column":52}},"140":{"start":{"line":141,"column":0},"end":{"line":141,"column":69}},"141":{"start":{"line":142,"column":0},"end":{"line":142,"column":34}},"142":{"start":{"line":143,"column":0},"end":{"line":143,"column":26}},"144":{"start":{"line":145,"column":0},"end":{"line":145,"column":46}},"145":{"start":{"line":146,"column":0},"end":{"line":146,"column":34}},"146":{"start":{"line":147,"column":0},"end":{"line":147,"column":31}},"147":{"start":{"line":148,"column":0},"end":{"line":148,"column":20}},"148":{"start":{"line":149,"column":0},"end":{"line":149,"column":19}},"149":{"start":{"line":150,"column":0},"end":{"line":150,"column":36}},"150":{"start":{"line":151,"column":0},"end":{"line":151,"column":24}},"152":{"start":{"line":153,"column":0},"end":{"line":153,"column":42}},"153":{"start":{"line":154,"column":0},"end":{"line":154,"column":37}},"154":{"start":{"line":155,"column":0},"end":{"line":155,"column":41}},"155":{"start":{"line":156,"column":0},"end":{"line":156,"column":5}},"156":{"start":{"line":157,"column":0},"end":{"line":157,"column":9}},"159":{"start":{"line":160,"column":0},"end":{"line":160,"column":23}},"160":{"start":{"line":161,"column":0},"end":{"line":161,"column":29}},"161":{"start":{"line":162,"column":0},"end":{"line":162,"column":36}},"162":{"start":{"line":163,"column":0},"end":{"line":163,"column":34}},"163":{"start":{"line":164,"column":0},"end":{"line":164,"column":31}},"164":{"start":{"line":165,"column":0},"end":{"line":165,"column":4}},"166":{"start":{"line":167,"column":0},"end":{"line":167,"column":10}},"167":{"start":{"line":168,"column":0},"end":{"line":168,"column":83}},"169":{"start":{"line":170,"column":0},"end":{"line":170,"column":17}},"170":{"start":{"line":171,"column":0},"end":{"line":171,"column":29}},"171":{"start":{"line":172,"column":0},"end":{"line":172,"column":39}},"172":{"start":{"line":173,"column":0},"end":{"line":173,"column":23}},"173":{"start":{"line":174,"column":0},"end":{"line":174,"column":8}},"176":{"start":{"line":177,"column":0},"end":{"line":177,"column":56}},"177":{"start":{"line":178,"column":0},"end":{"line":178,"column":60}},"178":{"start":{"line":179,"column":0},"end":{"line":179,"column":88}},"179":{"start":{"line":180,"column":0},"end":{"line":180,"column":86}},"180":{"start":{"line":181,"column":0},"end":{"line":181,"column":34}},"181":{"start":{"line":182,"column":0},"end":{"line":182,"column":17}},"182":{"start":{"line":183,"column":0},"end":{"line":183,"column":74}},"183":{"start":{"line":184,"column":0},"end":{"line":184,"column":37}},"184":{"start":{"line":185,"column":0},"end":{"line":185,"column":16}},"185":{"start":{"line":186,"column":0},"end":{"line":186,"column":29}},"186":{"start":{"line":187,"column":0},"end":{"line":187,"column":39}},"187":{"start":{"line":188,"column":0},"end":{"line":188,"column":55}},"188":{"start":{"line":189,"column":0},"end":{"line":189,"column":14}},"189":{"start":{"line":190,"column":0},"end":{"line":190,"column":16}},"191":{"start":{"line":192,"column":0},"end":{"line":192,"column":12}},"192":{"start":{"line":193,"column":0},"end":{"line":193,"column":63}},"193":{"start":{"line":194,"column":0},"end":{"line":194,"column":39}},"194":{"start":{"line":195,"column":0},"end":{"line":195,"column":31}},"195":{"start":{"line":196,"column":0},"end":{"line":196,"column":41}},"196":{"start":{"line":197,"column":0},"end":{"line":197,"column":31}},"197":{"start":{"line":198,"column":0},"end":{"line":198,"column":39}},"198":{"start":{"line":199,"column":0},"end":{"line":199,"column":16}},"200":{"start":{"line":201,"column":0},"end":{"line":201,"column":23}},"201":{"start":{"line":202,"column":0},"end":{"line":202,"column":111}},"202":{"start":{"line":203,"column":0},"end":{"line":203,"column":23}},"203":{"start":{"line":204,"column":0},"end":{"line":204,"column":20}},"205":{"start":{"line":206,"column":0},"end":{"line":206,"column":40}},"206":{"start":{"line":207,"column":0},"end":{"line":207,"column":13}},"208":{"start":{"line":209,"column":0},"end":{"line":209,"column":12}},"211":{"start":{"line":212,"column":0},"end":{"line":212,"column":73}},"212":{"start":{"line":213,"column":0},"end":{"line":213,"column":18}},"213":{"start":{"line":214,"column":0},"end":{"line":214,"column":36}},"214":{"start":{"line":215,"column":0},"end":{"line":215,"column":42}},"215":{"start":{"line":216,"column":0},"end":{"line":216,"column":25}},"216":{"start":{"line":217,"column":0},"end":{"line":217,"column":46}},"217":{"start":{"line":218,"column":0},"end":{"line":218,"column":10}},"218":{"start":{"line":219,"column":0},"end":{"line":219,"column":12}},"219":{"start":{"line":220,"column":0},"end":{"line":220,"column":10}},"221":{"start":{"line":222,"column":0},"end":{"line":222,"column":2}},"223":{"start":{"line":224,"column":0},"end":{"line":224,"column":29}}},"s":{"0":1,"1":1,"2":1,"3":1,"4":1,"5":1,"6":1,"7":1,"8":1,"9":1,"23":1,"24":32,"25":32,"26":32,"27":32,"28":32,"29":32,"31":32,"32":32,"33":32,"34":32,"35":32,"36":32,"37":32,"38":32,"40":32,"41":32,"44":32,"45":32,"46":32,"49":32,"50":12,"51":12,"52":12,"54":32,"56":32,"57":12,"58":12,"59":12,"60":12,"61":0,"62":0,"63":0,"64":12,"66":32,"67":5,"69":5,"72":5,"73":5,"74":5,"75":5,"76":5,"77":5,"78":5,"79":5,"82":5,"83":5,"84":5,"85":5,"86":5,"89":5,"91":5,"92":5,"93":0,"94":0,"95":0,"96":0,"97":0,"98":0,"100":5,"101":5,"102":5,"103":5,"104":5,"105":5,"106":5,"107":5,"108":5,"111":3,"112":3,"113":3,"114":3,"115":3,"116":3,"117":3,"118":3,"119":3,"120":3,"121":3,"122":3,"123":5,"124":0,"125":0,"126":0,"127":0,"128":0,"129":0,"130":5,"131":3,"132":3,"133":3,"134":3,"135":3,"136":3,"137":3,"138":32,"140":32,"141":1,"142":32,"144":32,"145":0,"146":0,"147":0,"148":0,"149":0,"150":32,"152":32,"153":0,"154":0,"155":0,"156":32,"159":32,"160":32,"161":32,"162":32,"163":32,"164":32,"166":32,"167":32,"169":32,"170":32,"171":32,"172":32,"173":32,"176":32,"177":32,"178":24,"179":24,"180":24,"181":24,"182":24,"183":24,"184":24,"185":24,"186":24,"187":24,"188":24,"189":24,"191":8,"192":8,"193":8,"194":5,"195":5,"196":5,"197":5,"198":5,"200":8,"201":0,"202":0,"203":0,"205":8,"206":8,"208":32,"21
[...]
,"column":3}}]},"7":{"type":"branch","line":86,"loc":{"start":{"line":86,"column":10},"end":{"line":86,"column":40}},"locations":[{"start":{"line":86,"column":10},"end":{"line":86,"column":40}}]},"8":{"type":"branch","line":86,"loc":{"start":{"line":86,"column":36},"end":{"line":86,"column":50}},"locations":[{"start":{"line":86,"column":36},"end":{"line":86,"column":50}}]},"9":{"type":"branch","line":93,"loc":{"start":{"line":93,"column":6},"end":{"line":93,"column":28}},"locations":[{"start":{"line":93,"column":6},"end":{"line":93,"column":28}}]},"10":{"type":"branch","line":93,"loc":{"start":{"line":93,"column":49},"end":{"line":95,"column":13}},"locations":[{"start":{"line":93,"column":49},"end":{"line":95,"column":13}}]},"11":{"type":"branch","line":95,"loc":{"start":{"line":95,"column":2},"end":{"line":99,"column":3}},"locations":[{"start":{"line":95,"column":2},"end":{"line":99,"column":3}}]},"12":{"type":"branch","line":95,"loc":{"start":{"line":95,"column":13},"end":{"line":95,"column":35}},"locations":[{"start":{"line":95,"column":13},"end":{"line":95,"column":35}}]},"13":{"type":"branch","line":95,"loc":{"start":{"line":95,"column":45},"end":{"line":97,"column":9}},"locations":[{"start":{"line":95,"column":45},"end":{"line":97,"column":9}}]},"14":{"type":"branch","line":97,"loc":{"start":{"line":97,"column":2},"end":{"line":99,"column":3}},"locations":[{"start":{"line":97,"column":2},"end":{"line":99,"column":3}}]},"15":{"type":"branch","line":101,"loc":{"start":{"line":101,"column":20},"end":{"line":107,"column":3}},"locations":[{"start":{"line":101,"column":20},"end":{"line":107,"column":3}}]},"16":{"type":"branch","line":102,"loc":{"start":{"line":102,"column":78},"end":{"line":103,"column":45}},"locations":[{"start":{"line":102,"column":78},"end":{"line":103,"column":45}}]},"17":{"type":"branch","line":103,"loc":{"start":{"line":103,"column":38},"end":{"line":104,"column":27}},"locations":[{"start":{"line":103,"column":38},"end":{"line":104,"column":27}}]},"18":{"type":"branch","line":107,"loc":{"start":{"line":107,"column":2},"end":{"line":110,"column":1}},"locations":[{"start":{"line":107,"column":2},"end":{"line":110,"column":1}}]},"19":{"type":"branch","line":116,"loc":{"start":{"line":116,"column":7},"end":{"line":117,"column":37}},"locations":[{"start":{"line":116,"column":7},"end":{"line":117,"column":37}}]},"20":{"type":"branch","line":119,"loc":{"start":{"line":119,"column":8},"end":{"line":120,"column":51}},"locations":[{"start":{"line":119,"column":8},"end":{"line":120,"column":51}}]},"21":{"type":"branch","line":122,"loc":{"start":{"line":122,"column":9},"end":{"line":123,"column":52}},"locations":[{"start":{"line":122,"column":9},"end":{"line":123,"column":52}}]},"22":{"type":"branch","line":125,"loc":{"start":{"line":125,"column":7},"end":{"line":126,"column":50}},"locations":[{"start":{"line":125,"column":7},"end":{"line":126,"column":50}}]},"23":{"type":"branch","line":128,"loc":{"start":{"line":128,"column":10},"end":{"line":129,"column":40}},"locations":[{"start":{"line":128,"column":10},"end":{"line":129,"column":40}}]},"24":{"type":"branch","line":333,"loc":{"start":{"line":333,"column":7},"end":{"line":333,"column":54}},"locations":[{"start":{"line":333,"column":7},"end":{"line":333,"column":54}}]},"25":{"type":"branch","line":334,"loc":{"start":{"line":334,"column":10},"end":{"line":335,"column":53}},"locations":[{"start":{"line":334,"column":10},"end":{"line":335,"column":53}}]},"26":{"type":"branch","line":342,"loc":{"start":{"line":342,"column":9},"end":{"line":343,"column":44}},"locations":[{"start":{"line":342,"column":9},"end":{"line":343,"column":44}}]},"27":{"type":"branch","line":344,"loc":{"start":{"line":344,"column":13},"end":{"line":345,"column":48}},"locations":[{"start":{"line":344,"column":13},"end":{"line":345,"column":48}}]},"28":{"type":"branch","line":346,"loc":{"start":{"line":346,"column":10},"end":{"line":347,"column":51}},"locations":[{"start":{"line":346,"column":10},"end":{"line":347,"column":51}}]},"29":{"type":"branch","line":354,"loc":{"start":{"line":354,"column":13},"end":{"line":354,"column":63}},"locations":[{"start":{"line":354,"column":13},"end":{"line":354,"column":63}}]},"30":{"type":"branch","line":355,"loc":{"start":{"line":355,"column":12},"end":{"line":356,"column":54}},"locations":[{"start":{"line":355,"column":12},"end":{"line":356,"column":54}}]},"31":{"type":"branch","line":357,"loc":{"start":{"line":357,"column":15},"end":{"line":358,"column":61}},"locations":[{"start":{"line":357,"column":15},"end":{"line":358,"column":61}}]},"32":{"type":"branch","line":359,"loc":{"start":{"line":359,"column":15},"end":{"line":360,"column":42}},"locations":[{"start":{"line":359,"column":15},"end":{"line":360,"column":42}}]},"33":{"type":"branch","line":361,"loc":{"start":{"line":361,"column":16},"end":{"line":362,"column":61}},"locations":[{"start":{"line":361,"column":16},"end":{"line":362,"column":61}}]},"34":{"type":"branch","line":363,"loc":{"start":{"line":363,"column":17},"end":{"line":364,"column":57}},"locations":[{"start":{"line":363,"column":17},"end":{"line":364,"column":57}}]},"35":{"type":"branch","line":365,"loc":{"start":{"line":365,"column":19},"end":{"line":366,"column":93}},"locations":[{"start":{"line":365,"column":19},"end":{"line":366,"column":93}}]},"36":{"type":"branch","line":373,"loc":{"start":{"line":373,"column":12},"end":{"line":373,"column":56}},"locations":[{"start":{"line":373,"column":12},"end":{"line":373,"column":56}}]},"37":{"type":"branch","line":374,"loc":{"start":{"line":374,"column":14},"end":{"line":375,"column":47}},"locations":[{"start":{"line":374,"column":14},"end":{"line":375,"column":47}}]},"38":{"type":"branch","line":376,"loc":{"start":{"line":376,"column":14},"end":{"line":377,"column":54}},"locations":[{"start":{"line":376,"column":14},"end":{"line":377,"column":54}}]},"39":{"type":"branch","line":378,"loc":{"start":{"line":378,"column":14},"end":{"line":379,"column":38}},"locations":[{"start":{"line":378,"column":14},"end":{"line":379,"column":38}}]},"40":{"type":"branch","line":380,"loc":{"start":{"line":380,"column":14},"end":{"line":381,"column":57}},"locations":[{"start":{"line":380,"column":14},"end":{"line":381,"column":57}}]},"41":{"type":"branch","line":382,"loc":{"start":{"line":382,"column":12},"end":{"line":383,"column":41}},"locations":[{"start":{"line":382,"column":12},"end":{"line":383,"column":41}}]},"42":{"type":"branch","line":384,"loc":{"start":{"line":384,"column":14},"end":{"line":385,"column":89}},"locations":[{"start":{"line":384,"column":14},"end":{"line":385,"column":89}}]},"43":{"type":"branch","line":386,"loc":{"start":{"line":386,"column":20},"end":{"line":387,"column":74}},"locations":[{"start":{"line":386,"column":20},"end":{"line":387,"column":74}}]},"44":{"type":"branch","line":388,"loc":{"start":{"line":388,"column":24},"end":{"line":389,"column":42}},"locations":[{"start":{"line":388,"column":24},"end":{"line":389,"column":42}}]},"45":{"type":"branch","line":390,"loc":{"start":{"line":390,"column":28},"end":{"line":391,"column":40}},"locations":[{"start":{"line":390,"column":28},"end":{"line":391,"column":40}}]},"46":{"type":"branch","line":398,"loc":{"start":{"line":398,"column":16},"end":{"line":398,"column":71}},"locations":[{"start":{"line":398,"column":16},"end":{"line":398,"column":71}}]},"47":{"type":"branch","line":399,"loc":{"start":{"line":399,"column":19},"end":{"line":400,"column":60}},"locations":[{"start":{"line":399,"column":19},"end":{"line":400,"column":60}}]},"48":{"type":"branch","line":401,"loc":{"start":{"line":401,"column":19},"end":{"line":402,"column":67}},"locations":[{"start":{"line":401,"column":19},"end":{"line":402,"column":67}}]},"49":{"type":"branch","line":403,"loc":{"start":{"line":403,"column":19},"end":{"line":404,"column":43}},"locations":[{"start":{"line":403,"column":19},"end":{"line":404,"column":43}}]},"50":{"type":"branch","line":405,"loc":{"start":{"line":405,"column":19},"end":{"line":406,"column":62}},"locations":[{"start":{"line":405,"column":19},"end":{"line":406,"column":62}}]},"51":{"type":"branch","line":407,"loc":{"start":{"line":407,"column":16},"end":{"line":408,"column":45}},"locations":[{"start":{"line":407,"column":16},"end":{"line":408,"column":45}}]},"52":{"type":"branch","line":409,"loc":{"start":{"line":409,"column":11},"end":{"line":412,"column":6}},"locations":[{"start":{"line":409,"column":11},"end":{"line":412,"column":6}}]},"53":{"type":"branch","line":413,"loc":{"start":{"line":413,"column":15},"end":{"line":414,"column":53}},"locations":[{"start":{"line":413,"column":15},"end":{"line":414,"column":53}}]},"54":{"type":"branch","line":415,"loc":{"start":{"line":415,"column":16},"end":{"line":416,"column":92}},"locations":[{"start":{"line":415,"column":16},"end":{"line":416,"column":92}}]},"55":{"type":"branch","line":430,"loc":{"start":{"line":430,"column":2},"end":{"line":512,"column":4}},"locations":[{"start":{"line":430,"column":2},"end":{"line":512,"column":4}}]},"56":{"type":"branch","line":443,"loc":{"start":{"line":443,"column":15},"end":{"line":445,"column":5}},"locations":[{"start":{"line":443,"column":15},"end":{"line":445,"column":5}}]},"57":{"type":"branch","line":454,"loc":{"start":{"line":454,"column":22},"end":{"line":458,"column":34}},"locations":[{"start":{"line":454,"column":22},"end":{"line":458,"column":34}}]},"58":{"type":"branch","line":458,"loc":{"start":{"line":458,"column":28},"end":{"line":458,"column":44}},"locations":[{"start":{"line":458,"column":28},"end":{"line":458,"column":44}}]},"59":{"type":"branch","line":459,"loc":{"start":{"line":459,"column":17},"end":{"line":461,"column":5}},"locations":[{"start":{"line":459,"column":17},"end":{"line":461,"column":5}}]},"60":{"type":"branch","line":461,"loc":{"start":{"line":461,"column":4},"end":{"line":506,"column":7}},"locations":[{"start":{"line":461,"column":4},"end":{"line":506,"column":7}}]},"61":{"type":"branch","line":507,"loc":{"start":{"line":507,"column":4},"end":{"line":511,"column":17}},"locations":[{"start":{"line":507,"column":4},"end":{"line":511,"column":17}}]},"62":{"type":"branch","line":517,"loc":{"start":{"line":517,"column":2},"end":{"line":521,"column":4}},"locations":[{"start":{"line":517,"column":2},"end":{"line":521,"column":4}}]},"63":{"type":"branch","line":526,"loc":{"start":{"line":526,"column":2},"end":{"line":528,"column":4}},"locations":[{"start":{"line":526,"column":2},"end":{"line":528,"column":4}}]},"64":{"type":"branch","line":533,"loc":{"start":{"line":533,"column":2},"end":{"line":535,"column":4}},"locations":[{"start":{"line":533,"column":2},"end":{"line":535,"column":4}}]},"65":{"type":"branch","line":540,"loc":{"start":{"line":540,"column":2},"end":{"line":542,"column":4}},"locations":[{"start":{"line":540,"column":2},"end":{"line":542,"column":4}}]}},"b":{"0":[6],"1":[48],"2":[48],"3":[4],"4":[5],"5":[46],"6":[1],"7":[17],"8":[29],"9":[43],"10":[40],"11":[6],"12":[3],"13":[1],"14":[5],"15":[2],"16":[1],"17":[1],"18":[44],"19":[20],"20":[16],"21":[5],"22":[1],"23":[4],"24":[6],"25":[1],"26":[1],"27":[1],"28":[1],"29":[1],"30":[1],"31":[1],"32":[1],"33":[1],"34":[1],"35":[1],"36":[1],"37":[1],"38":[1],"39":[1],"40":[1],"41":[1],"42":[1],"43":[1],"44":[1],"45":[1],"46":[1],"47":[1],"48":[1],"49":[1],"50":[1],"51":[1],"52":[1],"53":[1],"54":[1],"55":[2],"56":[0],"57":[1],"58":[0],"59":[1],"60":[0],"61":[0],"62":[1],"63":[1],"64":[1],"65":[1]},"fnMap":{"0":{"name":"APIError","decl":{"start":{"line":19,"column":2},"end":{"line":27,"column":3}},"loc":{"start":{"line":19,"column":2},"end":{"line":27,"column":3}},"line":19},"1":{"name":"getAuthToken","decl":{"start":{"line":41,"column":0},"end":{"line":43,"column":1}},"loc":{"start":{"line":41,"column":0},"end":{"line":43,"column":1}},"line":41},"2":{"name":"buildURL","decl":{"start":{"line":48,"column":0},"end":{"line":58,"column":1}},"loc":{"start":{"line":48,"column":0},"end":{"line":58,"column":1}},"line":48},"3":{"name":"request","decl":{"start":{"line":63,"column":0},"end":{"line":110,"column":1}},"loc":{"start":{"line":63,"column":0},"end":{"line":110,"column":1}},"line":63},"4":{"name":"get","decl":{"start":{"line":116,"column":7},"end":{"line":117,"column":37}},"loc":{"start":{"line":116,"column":7},"end":{"line":117,"column":37}},"line":116},"5":{"name":"post","decl":{"start":{"line":119,"column":8},"end":{"line":120,"column":51}},"loc":{"start":{"line":119,"column":8},"end":{"line":120,"column":51}},"line":119},"6":{"name":"patch","decl":{"start":{"line":122,"column":9},"end":{"line":123,"column":52}},"loc":{"start":{"line":122,"column":9},"end":{"line":123,"column":52}},"line":122},"7":{"name":"put","decl":{"start":{"line":125,"column":7},"end":{"line":126,"column":50}},"loc":{"start":{"line":125,"column":7},"end":{"line":126,"column":50}},"line":125},"8":{"name":"delete","decl":{"start":{"line":128,"column":10},"end":{"line":129,"column":40}},"loc":{"start":{"line":128,"column":10},"end":{"line":129,"column":40}},"line":128},"9":{"name":"get","decl":{"start":{"line":333,"column":7},"end":{"line":333,"column":54}},"loc":{"start":{"line":333,"column":7},"end":{"line":333,"column":54}},"line":333},"10":{"name":"update","decl":{"start":{"line":334,"column":10},"end":{"line":335,"column":53}},"loc":{"start":{"line":334,"column":10},"end":{"line":335,"column":53}},"line":334},"11":{"name":"query","decl":{"start":{"line":342,"column":9},"end":{"line":343,"column":44}},"loc":{"start":{"line":342,"column":9},"end":{"line":343,"column":44}},"line":342},"12":{"name":"drilldown","decl":{"start":{"line":344,"column":13},"end":{"line":345,"column":48}},"loc":{"start":{"line":344,"column":13},"end":{"line":345,"column":48}},"line":344},"13":{"name":"export","decl":{"start":{"line":346,"column":10},"end":{"line":347,"column":51}},"loc":{"start":{"line":346,"column":10},"end":{"line":347,"column":51}},"line":346},"14":{"name":"getCharts","decl":{"start":{"line":354,"column":13},"end":{"line":354,"column":63}},"loc":{"start":{"line":354,"column":13},"end":{"line":354,"column":63}},"line":354},"15":{"name":"pinChart","decl":{"start":{"line":355,"column":12},"end":{"line":356,"column":54}},"loc":{"start":{"line":355,"column":12},"end":{"line":356,"column":54}},"line":355},"16":{"name":"updateChart","decl":{"start":{"line":357,"column":15},"end":{"line":358,"column":61}},"loc":{"start":{"line":357,"column":15},"end":{"line":358,"column":61}},"line":357},"17":{"name":"deleteChart","decl":{"start":{"line":359,"column":15},"end":{"line":360,"column":42}},"loc":{"start":{"line":359,"column":15},"end":{"line":360,"column":42}},"line":359},"18":{"name":"refreshChart","decl":{"start":{"line":361,"column":16},"end":{"line":362,"column":61}},"loc":{"start":{"line":361,"column":16},"end":{"line":362,"column":61}},"line":361},"19":{"name":"reorderCharts","decl":{"start":{"line":363,"column":17},"end":{"line":364,"column":57}},"loc":{"start":{"line":363,"column":17},"end":{"line":364,"column":57}},"line":363},"20":{"name":"getQuickActions","decl":{"start":{"line":365,"column":19},"end":{"line":366,"column":93}},"loc":{"start":{"line":365,"column":19},"end":{"line":366,"column":93}},"line":365},"21":{"name":"getRules","decl":{"start":{"line":373,"column":12},"end":{"line":373,"column":56}},"loc":{"start":{"line":373,"column":12},"end":{"line":373,"column":56}},"line":373},"22":{"name":"createRule","decl":{"start":{"line":374,"column":14},"end":{"line":375,"column":47}},"loc":{"start":{"line":374,"column":14},"end":{"line":375,"column":47}},"line":374},"23":{"name":"updateRule","decl":{"start":{"line":376,"column":14},"end":{"line":377,"column":54}},"loc":{"start":{"line":376,"column":14},"end":{"line":377,"column":54}},"line":376},"24":{"name":"deleteRule","decl":{"start":{"line":378,"column":14},"end":{"line":379,"column":38}},"loc":{"start":{"line":378,"column":14},"end":{"line":379,"column":38}},"line":378},"25":{"name":"toggleRule","decl":{"start":{"line":380,"column":14},"end":{"line":381,"column":57}},"loc":{"start":{"line":380,"column":14},"end":{"line":381,"column":57}},"line":380},"26":{"name":"testRule","decl":{"start":{"line":382,"column":12},"end":{"line":383,"column":41}},"loc":{"start":{"line":382,"column":12},"end":{"line":383,"column":41}},"line":382},"27":{"name":"getMetrics","decl":{"start":{"line":384,"column":14},"end":{"line":385,"column":89}},"loc":{"start":{"line":384,"column":14},"end":{"line":385,"column":89}},"line":384},"28":{"name":"getNotifications","decl":{"start":{"line":386,"column":20},"end":{"line":387,"column":74}},"loc":{"start":{"line":386,"column":20},"end":{"line":387,"column":74}},"line":386},"29":{"name":"markNotificationRead","decl":{"start":{"line":388,"column":24},"end":{"line":389,"column":42}},"loc":{"start":{"line":388,"column":24},"end":{"line":389,"column":42}},"line":388},"30":{"name":"markAllNotificationsRead","decl":{"start":{"line":390,"column":28},"end":{"line":391,"column":40}},"loc":{"start":{"line":390,"column":28},"end":{"line":391,"column":40}},"line":390},"31":{"name":"getScheduled","decl":{"start":{"line":398,"column":16},"end":{"line":398,"column":71}},"loc":{"start":{"line":398,"column":16},"end":{"line":398,"column":71}},"line":398},"32":{"name":"createScheduled","decl":{"start":{"line":399,"column":19},"end":{"line":400,"column":60}},"loc":{"start":{"line":399,"column":19},"end":{"line":400,"column":60}},"line":399},"33":{"name":"updateScheduled","decl":{"start":{"line":401,"column":19},"end":{"line":402,"column":67}},"loc":{"start":{"line":401,"column":19},"end":{"line":402,"column":67}},"line":401},"34":{"name":"deleteScheduled","decl":{"start":{"line":403,"column":19},"end":{"line":404,"column":43}},"loc":{"start":{"line":403,"column":19},"end":{"line":404,"column":43}},"line":403},"35":{"name":"toggleScheduled","decl":{"start":{"line":405,"column":19},"end":{"line":406,"column":62}},"loc":{"start":{"line":405,"column":19},"end":{"line":406,"column":62}},"line":405},"36":{"name":"runScheduled","decl":{"start":{"line":407,"column":16},"end":{"line":408,"column":45}},"loc":{"start":{"line":407,"column":16},"end":{"line":408,"column":45}},"line":407},"37":{"name":"getRuns","decl":{"start":{"line":409,"column":11},"end":{"line":412,"column":6}},"loc":{"start":{"line":409,"column":11},"end":{"line":412,"column":6}},"line":409},"38":{"name":"downloadRun","decl":{"start":{"line":413,"column":15},"end":{"line":414,"column":53}},"loc":{"start":{"line":413,"column":15},"end":{"line":414,"column":53}},"line":413},"39":{"name":"getTemplates","decl":{"start":{"line":415,"column":16},"end":{"line":416,"column":92}},"loc":{"start":{"line":415,"column":16},"end":{"line":416,"column":92}},"line":415},"40":{"name":"streamChat","decl":{"start":{"line":430,"column":2},"end":{"line":512,"column":4}},"loc":{"start":{"line":430,"column":2},"end":{"line":512,"column":4}},"line":430},"41":{"name":"getChatMessages","decl":{"start":{"line":517,"column":2},"end":{"line":521,"column":4}},"loc":{"start":{"line":517,"column":2},"end":{"line":521,"column":4}},"line":517},"42":{"name":"getChatSessions","decl":{"start":{"line":526,"column":2},"end":{"line":528,"column":4}},"loc":{"start":{"line":526,"column":2},"end":{"line":528,"column":4}},"line":526},"43":{"name":"createChatSession","decl":{"start":{"line":533,"column":2},"end":{"line":535,"column":4}},"loc":{"start":{"line":533,"column":2},"end":{"line":535,"column":4}},"line":533},"44":{"name":"getRecentMessages","decl":{"start":{"line":540,"column":2},"end":{"line":542,"column":4}},"loc":{"start":{"line":540,"column":2},"end":{"line":542,"column":4}},"line":540}},"f":{"0":6,"1":48,"2":48,"3":46,"4":20,"5":16,"6":5,"7":1,"8":4,"9":6,"10":1,"11":1,"12":1,"13":1,"14":1,"15":1,"16":1,"17":1,"18":1,"19":1,"20":1,"21":1,"22":1,"23":1,"24":1,"25":1,"26":1,"27":1,"28":1,"29":1,"30":1,"31":1,"32":1,"33":1,"34":1,"35":1,"36":1,"37":1,"38":1,"39":1,"40":2,"41":1,"42":1,"43":1,"44":1}}
}
